[2023-10-17 13:57:52.517]	local.info	gin_api2/main.go:18	log init success!!!
[2023-10-17 13:57:52.536]	local.info	gin_api2/main.go:18	log init success!!!
[2023-10-17 13:58:11.633]	local.error	gin_api2/main.go:18	log init success!!!
[2023-10-17 13:58:11.727]	local.error	gin_api2/main.go:18	log init success!!!
[2023-10-17 13:58:13.221]	local.error	gin_api2/main.go:18	log init success!!!
[2023-10-17 13:58:13.333]	local.error	gin_api2/main.go:18	log init success!!!
[2023-10-17 13:58:42.365]	local.info	gin_api2/main.go:18	log init success!!!
[2023-10-17 13:58:43.959]	local.info	gin_api2/main.go:18	log init success!!!
[2023-10-17 13:58:44.073]	local.info	gin_api2/main.go:18	log init success!!!
[2023-10-17 13:58:48.726]	local.info	gin_api2/main.go:18	log init success!!!
[2023-10-17 14:31:40.044]	local.info	gin_api2/main.go:18	log init success!!!
[2023-10-17 14:31:41.793]	local.info	gin_api2/main.go:18	log init success!!!
[2023-10-17 14:32:31.763]	local.info	gin_api2/main.go:18	log init success!!!
[2023-10-17 14:32:33.315]	local.info	gin_api2/main.go:18	log init success!!!
[2023-10-17 14:34:01.836]	local.info	gin_api2/main.go:18	log init success!!!
[2023-10-17 14:34:03.387]	local.info	gin_api2/main.go:18	log init success!!!
[2023-10-17 14:34:32.805]	local.info	gin_api2/main.go:18	log init success!!!
[2023-10-17 14:36:06.697]	local.info	gin_api2/main.go:18	log init success!!!
[2023-10-17 14:36:23.585]	local.info	gin_api2/main.go:18	log init success!!!
[2023-10-17 14:36:25.344]	local.info	gin_api2/main.go:18	log init success!!!
[2023-10-17 14:36:51.010]	local.info	gin_api2/main.go:18	log init success!!!
[2023-10-17 14:36:52.532]	local.info	gin_api2/main.go:18	log init success!!!
[2023-10-17 14:36:54.152]	local.info	gin_api2/main.go:18	log init success!!!
[2023-10-17 14:37:00.633]	local.info	gin_api2/main.go:18	log init success!!!
[2023-10-17 14:37:09.946]	local.info	gin_api2/main.go:18	log init success!!!
[2023-10-17 14:37:54.419]	local.info	gin_api2/main.go:18	log init success!!!
[2023-10-17 14:45:06.181]	local.info	gin_api2/main.go:18	log init success!!!
[2023-10-17 14:45:07.758]	local.info	gin_api2/main.go:18	log init success!!!
[2023-10-17 14:45:21.920]	local.info	gin_api2/main.go:18	log init success!!!
[2023-10-17 14:45:36.279]	local.info	gin_api2/main.go:18	log init success!!!
[2023-10-17 14:45:37.779]	local.info	gin_api2/main.go:18	log init success!!!
[2023-10-17 14:45:44.909]	local.info	gin_api2/main.go:18	log init success!!!
[2023-10-17 14:46:06.318]	local.info	gin_api2/main.go:18	log init success!!!
[2023-10-17 14:46:08.073]	local.info	gin_api2/main.go:18	log init success!!!
[2023-10-17 14:47:07.044]	local.info	gin_api2/main.go:18	log init success!!!
[2023-10-17 14:47:07.054]	local.error	bootstrap/db.go:50	mysql connect failed, err:	{"err": "Error 1045 (28000): Access denied for user 'root'@'localhost' (using password: YES)"}
[2023-10-17 14:47:07.143]	local.info	gin_api2/main.go:18	log init success!!!
[2023-10-17 14:47:07.151]	local.error	bootstrap/db.go:50	mysql connect failed, err:	{"err": "Error 1045 (28000): Access denied for user 'root'@'localhost' (using password: YES)"}
[2023-10-17 14:48:02.898]	local.info	gin_api2/main.go:18	log init success!!!
[2023-10-17 14:48:02.918]	local.error	bootstrap/db.go:50	mysql connect failed, err:	{"err": "Error 1045 (28000): Access denied for user 'root'@'localhost' (using password: YES)"}
[2023-10-17 14:48:05.589]	local.info	gin_api2/main.go:18	log init success!!!
[2023-10-17 14:48:05.600]	local.error	bootstrap/db.go:50	mysql connect failed, err:	{"err": "Error 1045 (28000): Access denied for user 'root'@'localhost' (using password: YES)"}
[2023-10-17 14:48:50.403]	local.info	gin_api2/main.go:18	log init success!!!
[2023-10-17 14:48:50.411]	local.error	bootstrap/db.go:50	mysql connect failed, err:	{"err": "Error 1045 (28000): Access denied for user 'root'@'localhost' (using password: YES)"}
[2023-10-17 14:49:06.466]	local.info	gin_api2/main.go:18	log init success!!!
[2023-10-17 14:49:06.473]	local.error	bootstrap/db.go:50	mysql connect failed, err:	{"err": "Error 1045 (28000): Access denied for user 'root'@'localhost' (using password: YES)"}
[2023-10-17 14:49:44.177]	local.info	gin_api2/main.go:18	log init success!!!
[2023-10-17 16:08:44.024]	local.info	gin_api2/main.go:18	log init success!!!
[2023-10-17 16:09:24.582]	local.info	gin_api2/main.go:15	log init success!!!
[2023-10-17 16:10:33.704]	local.info	gin_api2/main.go:15	log init success!!!
[2023-10-17 16:14:39.991]	local.info	gin_api2/main.go:15	log init success!!!
[2023-10-17 16:15:37.505]	local.info	gin_api2/main.go:15	log init success!!!
[2023-10-17 16:30:06.464]	local.info	gin_api2/main.go:15	log init success!!!
[2023-10-17 16:31:08.386]	local.info	gin_api2/main.go:15	log init success!!!
[2023-10-17 16:41:03.656]	local.info	gin_api2/main.go:15	log init success!!!
[2023-10-17 16:43:33.516]	local.info	gin_api2/main.go:15	log init success!!!
[2023-10-17 16:47:07.917]	local.info	gin_api2/main.go:15	log init success!!!
[2023-10-17 16:51:59.022]	local.info	gin_api2/main.go:15	log init success!!!
[2023-10-17 16:53:20.657]	local.info	gin_api2/main.go:15	log init success!!!
[2023-10-17 16:53:46.556]	local.info	gin_api2/main.go:15	log init success!!!
[2023-10-17 16:54:43.853]	local.info	gin_api2/main.go:15	log init success!!!
[2023-10-17 16:57:01.730]	local.info	gin_api2/main.go:15	log init success!!!
[2023-10-17 18:56:46.238]	local.info	gin_api2/main.go:15	log init success!!!
[2023-10-17 18:58:10.119]	local.info	gin_api2/main.go:15	log init success!!!
[2023-10-17 18:59:11.430]	local.info	gin_api2/main.go:15	log init success!!!
[2023-10-17 19:00:58.343]	local.info	gin_api2/main.go:15	log init success!!!
[2023-10-17 19:01:09.166]	local.info	gin_api2/main.go:15	log init success!!!
[2023-10-17 19:01:19.851]	local.info	gin_api2/main.go:15	log init success!!!
[2023-10-17 19:01:21.418]	local.info	gin_api2/main.go:15	log init success!!!
[2023-10-17 19:01:46.302]	local.info	gin_api2/main.go:15	log init success!!!
[2023-10-17 19:01:52.940]	local.info	gin_api2/main.go:15	log init success!!!
[2023-10-17 19:02:30.406]	local.info	gin_api2/main.go:15	log init success!!!
[2023-10-17 19:03:31.718]	local.info	gin_api2/main.go:15	log init success!!!
[2023-10-17 19:06:12.034]	local.info	gin_api2/main.go:15	log init success!!!
[2023-10-17 19:06:13.422]	local.info	gin_api2/main.go:15	log init success!!!
[2023-10-17 19:06:39.709]	local.info	gin_api2/main.go:15	log init success!!!
[2023-10-17 19:09:45.341]	local.info	gin_api2/main.go:15	log init success!!!
[2023-10-17 19:11:48.562]	local.info	gin_api2/main.go:15	log init success!!!
[2023-10-17 19:11:50.050]	local.info	gin_api2/main.go:15	log init success!!!
[2023-10-17 19:12:36.340]	local.info	gin_api2/main.go:15	log init success!!!
[2023-10-17 19:12:37.774]	local.info	gin_api2/main.go:15	log init success!!!
[2023-10-17 19:12:47.727]	local.info	gin_api2/main.go:15	log init success!!!
[2023-10-17 19:13:37.171]	local.info	gin_api2/main.go:15	log init success!!!
[2023-10-17 19:15:12.344]	local.info	gin_api2/main.go:15	log init success!!!
[2023-10-17 19:15:24.217]	local.info	gin_api2/main.go:15	log init success!!!
[2023-10-17 19:15:50.770]	local.info	gin_api2/main.go:15	log init success!!!
[2023-10-17 19:15:59.771]	local.info	gin_api2/main.go:15	log init success!!!
[2023-10-17 19:19:20.004]	local.info	gin_api2/main.go:15	log init success!!!
[2023-10-17 19:19:31.399]	local.info	gin_api2/main.go:15	log init success!!!
[2023-10-17 19:19:32.820]	local.info	gin_api2/main.go:15	log init success!!!
[2023-10-17 19:23:37.335]	local.info	gin_api2/main.go:15	log init success!!!
[2023-10-17 19:23:50.504]	local.info	gin_api2/main.go:15	log init success!!!
[2023-10-17 19:24:16.719]	local.info	gin_api2/main.go:15	log init success!!!
[2023-10-17 19:24:30.537]	local.info	gin_api2/main.go:15	log init success!!!
[2023-10-17 19:24:37.062]	local.info	gin_api2/main.go:15	log init success!!!
[2023-10-17 19:24:43.309]	local.info	gin_api2/main.go:15	log init success!!!
[2023-10-17 19:24:45.789]	local.info	gin_api2/main.go:15	log init success!!!
[2023-10-17 19:24:48.548]	local.info	gin_api2/main.go:15	log init success!!!
[2023-10-17 19:27:10.289]	local.info	gin_api2/main.go:15	log init success!!!
[2023-10-17 19:29:21.817]	local.info	gin_api2/main.go:15	log init success!!!
[2023-10-17 19:33:19.375]	local.info	gin_api2/main.go:15	log init success!!!
[2023-10-18 00:59:48.464]	local.info	gin_api2/main.go:15	log init success!!!
[2023-10-18 09:35:20.532]	local.info	gin_api2/main.go:15	log init success!!!
[2023-10-18 09:35:20.546]	local.error	bootstrap/db.go:50	mysql connect failed, err:	{"err": "dial tcp 127.0.0.1:3306: connectex: No connection could be made because the target machine actively refused it."}
[2023-10-18 09:35:47.023]	local.info	gin_api2/main.go:15	log init success!!!
[2023-10-18 09:35:47.031]	local.error	bootstrap/db.go:50	mysql connect failed, err:	{"err": "dial tcp 127.0.0.1:3306: connectex: No connection could be made because the target machine actively refused it."}
[2023-10-18 09:36:00.637]	local.info	gin_api2/main.go:15	log init success!!!
[2023-10-18 09:36:00.644]	local.error	bootstrap/db.go:50	mysql connect failed, err:	{"err": "dial tcp 127.0.0.1:3306: connectex: No connection could be made because the target machine actively refused it."}
[2023-10-18 09:36:06.450]	local.info	gin_api2/main.go:15	log init success!!!
[2023-10-18 09:36:06.458]	local.error	bootstrap/db.go:50	mysql connect failed, err:	{"err": "dial tcp 127.0.0.1:3306: connectex: No connection could be made because the target machine actively refused it."}
[2023-10-18 09:36:16.210]	local.info	gin_api2/main.go:15	log init success!!!
[2023-10-18 09:36:16.217]	local.error	bootstrap/db.go:50	mysql connect failed, err:	{"err": "dial tcp 127.0.0.1:3306: connectex: No connection could be made because the target machine actively refused it."}
[2023-10-18 09:36:21.190]	local.info	gin_api2/main.go:15	log init success!!!
[2023-10-18 09:36:21.198]	local.error	bootstrap/db.go:50	mysql connect failed, err:	{"err": "dial tcp 127.0.0.1:3306: connectex: No connection could be made because the target machine actively refused it."}
[2023-10-18 09:36:53.558]	local.info	gin_api2/main.go:15	log init success!!!
[2023-10-18 09:36:53.564]	local.error	bootstrap/db.go:50	mysql connect failed, err:	{"err": "dial tcp 127.0.0.1:3306: connectex: No connection could be made because the target machine actively refused it."}
[2023-10-18 09:37:19.097]	local.info	gin_api2/main.go:15	log init success!!!
[2023-10-18 09:37:19.114]	local.error	bootstrap/db.go:50	mysql connect failed, err:	{"err": "dial tcp 127.0.0.1:3306: connectex: No connection could be made because the target machine actively refused it."}
[2023-10-18 09:37:26.084]	local.info	gin_api2/main.go:15	log init success!!!
[2023-10-18 09:37:26.090]	local.error	bootstrap/db.go:50	mysql connect failed, err:	{"err": "dial tcp 127.0.0.1:3306: connectex: No connection could be made because the target machine actively refused it."}
[2023-10-18 09:37:34.833]	local.info	gin_api2/main.go:15	log init success!!!
[2023-10-18 09:37:34.847]	local.error	bootstrap/db.go:50	mysql connect failed, err:	{"err": "dial tcp 127.0.0.1:3306: connectex: No connection could be made because the target machine actively refused it."}
[2023-10-18 09:37:57.711]	local.info	gin_api2/main.go:15	log init success!!!
[2023-10-18 09:37:57.719]	local.error	bootstrap/db.go:50	mysql connect failed, err:	{"err": "dial tcp 127.0.0.1:3306: connectex: No connection could be made because the target machine actively refused it."}
[2023-10-18 09:38:06.342]	local.info	gin_api2/main.go:15	log init success!!!
[2023-10-18 09:38:06.349]	local.error	bootstrap/db.go:50	mysql connect failed, err:	{"err": "dial tcp 127.0.0.1:3306: connectex: No connection could be made because the target machine actively refused it."}
[2023-10-18 09:38:11.433]	local.info	gin_api2/main.go:15	log init success!!!
[2023-10-18 09:38:11.440]	local.error	bootstrap/db.go:50	mysql connect failed, err:	{"err": "dial tcp 127.0.0.1:3306: connectex: No connection could be made because the target machine actively refused it."}
[2023-10-18 09:38:27.888]	local.info	gin_api2/main.go:15	log init success!!!
[2023-10-18 09:38:27.895]	local.error	bootstrap/db.go:50	mysql connect failed, err:	{"err": "dial tcp 127.0.0.1:3306: connectex: No connection could be made because the target machine actively refused it."}
[2023-10-18 09:38:29.725]	local.info	gin_api2/main.go:15	log init success!!!
[2023-10-18 09:38:29.732]	local.error	bootstrap/db.go:50	mysql connect failed, err:	{"err": "dial tcp 127.0.0.1:3306: connectex: No connection could be made because the target machine actively refused it."}
[2023-10-18 09:38:57.879]	local.info	gin_api2/main.go:15	log init success!!!
[2023-10-18 09:38:57.886]	local.error	bootstrap/db.go:50	mysql connect failed, err:	{"err": "dial tcp 127.0.0.1:3306: connectex: No connection could be made because the target machine actively refused it."}
[2023-10-18 09:41:03.022]	local.info	gin_api2/main.go:15	log init success!!!
[2023-10-18 09:42:40.815]	local.info	gin_api2/main.go:15	log init success!!!
[2023-10-18 10:44:58.148]	local.info	gin_api2/main.go:15	log init success!!!
[2023-10-18 10:53:56.418]	local.info	gin_api2/main.go:15	log init success!!!
[2023-10-18 11:10:11.331]	local.info	gin_api2/main.go:15	log init success!!!
[2023-10-18 11:17:12.431]	local.info	gin_api2/main.go:15	log init success!!!
[2023-10-18 11:42:02.224]	local.info	gin_api2/main.go:15	log init success!!!
[2023-10-18 11:43:06.620]	local.info	gin_api2/main.go:15	log init success!!!
[2023-10-18 11:44:15.139]	local.info	gin_api2/main.go:15	log init success!!!
[2023-10-18 11:59:57.014]	local.info	gin_api2/main.go:15	log init success!!!
[2023-10-18 12:01:52.811]	local.info	gin_api2/main.go:15	log init success!!!
[2023-10-18 12:02:20.464]	local.info	gin_api2/main.go:15	log init success!!!
[2023-10-21 09:44:36.624]	local.info	gin_api2/main.go:15	log init success!!!
[2023-10-21 09:44:36.738]	local.error	bootstrap/redis.go:20	Redis connect ping failed, err:	{"err": "dial tcp 127.0.0.1:6379: connectex: No connection could be made because the target machine actively refused it."}
[2023-10-21 09:48:09.053]	local.info	gin_api2/main.go:15	log init success!!!
[2023-10-21 09:48:09.151]	local.error	bootstrap/redis.go:20	Redis connect ping failed, err:	{"err": "dial tcp 127.0.0.1:6379: connectex: No connection could be made because the target machine actively refused it."}
[2023-10-21 10:03:55.546]	local.info	gin_api2/main.go:15	log init success!!!
[2023-10-21 10:03:55.647]	local.error	bootstrap/redis.go:20	Redis connect ping failed, err:	{"err": "dial tcp 127.0.0.1:6379: connectex: No connection could be made because the target machine actively refused it."}
[2023-10-21 10:08:42.158]	local.info	gin_api2/main.go:15	log init success!!!
[2023-10-21 10:08:42.265]	local.error	bootstrap/redis.go:20	Redis connect ping failed, err:	{"err": "dial tcp 127.0.0.1:6379: connectex: No connection could be made because the target machine actively refused it."}
[2023-10-21 10:08:52.337]	local.info	gin_api2/main.go:15	log init success!!!
[2023-10-21 10:08:52.442]	local.error	bootstrap/redis.go:20	Redis connect ping failed, err:	{"err": "dial tcp 127.0.0.1:6379: connectex: No connection could be made because the target machine actively refused it."}
[2023-10-21 10:10:24.510]	local.info	gin_api2/main.go:15	log init success!!!
[2023-10-21 10:10:24.616]	local.error	bootstrap/redis.go:20	Redis connect ping failed, err:	{"err": "dial tcp 127.0.0.1:6379: connectex: No connection could be made because the target machine actively refused it."}
[2023-10-21 10:10:25.945]	local.info	gin_api2/main.go:15	log init success!!!
[2023-10-21 10:10:26.046]	local.error	bootstrap/redis.go:20	Redis connect ping failed, err:	{"err": "dial tcp 127.0.0.1:6379: connectex: No connection could be made because the target machine actively refused it."}
[2023-10-21 10:10:54.319]	local.info	gin_api2/main.go:15	log init success!!!
[2023-10-21 10:10:54.431]	local.error	bootstrap/redis.go:20	Redis connect ping failed, err:	{"err": "dial tcp 127.0.0.1:6379: connectex: No connection could be made because the target machine actively refused it."}
[2023-10-21 10:10:55.781]	local.info	gin_api2/main.go:15	log init success!!!
[2023-10-21 10:10:55.881]	local.error	bootstrap/redis.go:20	Redis connect ping failed, err:	{"err": "dial tcp 127.0.0.1:6379: connectex: No connection could be made because the target machine actively refused it."}
[2023-10-21 10:12:42.948]	local.info	gin_api2/main.go:15	log init success!!!
[2023-10-21 10:12:43.062]	local.error	bootstrap/redis.go:20	Redis connect ping failed, err:	{"err": "dial tcp 127.0.0.1:6379: connectex: No connection could be made because the target machine actively refused it."}
[2023-10-21 10:14:25.850]	local.info	gin_api2/main.go:15	log init success!!!
[2023-10-21 10:14:25.961]	local.error	bootstrap/redis.go:20	Redis connect ping failed, err:	{"err": "dial tcp 127.0.0.1:6379: connectex: No connection could be made because the target machine actively refused it."}
[2023-10-21 10:14:58.455]	local.info	gin_api2/main.go:15	log init success!!!
[2023-10-21 10:14:58.570]	local.error	bootstrap/redis.go:20	Redis connect ping failed, err:	{"err": "dial tcp 127.0.0.1:6379: connectex: No connection could be made because the target machine actively refused it."}
[2023-10-21 10:15:00.269]	local.info	gin_api2/main.go:15	log init success!!!
[2023-10-21 10:15:00.371]	local.error	bootstrap/redis.go:20	Redis connect ping failed, err:	{"err": "dial tcp 127.0.0.1:6379: connectex: No connection could be made because the target machine actively refused it."}
[2023-10-21 10:15:01.886]	local.info	gin_api2/main.go:15	log init success!!!
[2023-10-21 10:15:01.990]	local.error	bootstrap/redis.go:20	Redis connect ping failed, err:	{"err": "dial tcp 127.0.0.1:6379: connectex: No connection could be made because the target machine actively refused it."}
[2023-10-21 10:15:03.595]	local.info	gin_api2/main.go:15	log init success!!!
[2023-10-21 10:15:03.702]	local.error	bootstrap/redis.go:20	Redis connect ping failed, err:	{"err": "dial tcp 127.0.0.1:6379: connectex: No connection could be made because the target machine actively refused it."}
[2023-10-21 10:15:30.893]	local.info	gin_api2/main.go:15	log init success!!!
[2023-10-21 10:15:30.995]	local.error	bootstrap/redis.go:20	Redis connect ping failed, err:	{"err": "dial tcp 127.0.0.1:6379: connectex: No connection could be made because the target machine actively refused it."}
[2023-10-21 10:15:32.660]	local.info	gin_api2/main.go:15	log init success!!!
[2023-10-21 10:15:32.780]	local.error	bootstrap/redis.go:20	Redis connect ping failed, err:	{"err": "dial tcp 127.0.0.1:6379: connectex: No connection could be made because the target machine actively refused it."}
[2023-10-21 10:16:36.025]	local.info	gin_api2/main.go:15	log init success!!!
[2023-10-21 10:16:36.135]	local.error	bootstrap/redis.go:20	Redis connect ping failed, err:	{"err": "dial tcp 127.0.0.1:6379: connectex: No connection could be made because the target machine actively refused it."}
[2023-10-21 10:16:37.569]	local.info	gin_api2/main.go:15	log init success!!!
[2023-10-21 10:16:37.679]	local.error	bootstrap/redis.go:20	Redis connect ping failed, err:	{"err": "dial tcp 127.0.0.1:6379: connectex: No connection could be made because the target machine actively refused it."}
[2023-10-21 10:17:57.857]	local.info	gin_api2/main.go:15	log init success!!!
[2023-10-21 10:17:57.956]	local.error	bootstrap/redis.go:20	Redis connect ping failed, err:	{"err": "dial tcp 127.0.0.1:6379: connectex: No connection could be made because the target machine actively refused it."}
[2023-10-21 10:17:59.547]	local.info	gin_api2/main.go:15	log init success!!!
[2023-10-21 10:17:59.651]	local.error	bootstrap/redis.go:20	Redis connect ping failed, err:	{"err": "dial tcp 127.0.0.1:6379: connectex: No connection could be made because the target machine actively refused it."}
[2023-10-21 10:18:20.492]	local.info	gin_api2/main.go:15	log init success!!!
[2023-10-21 10:18:20.597]	local.error	bootstrap/redis.go:20	Redis connect ping failed, err:	{"err": "dial tcp 127.0.0.1:6379: connectex: No connection could be made because the target machine actively refused it."}
[2023-10-21 10:18:22.168]	local.info	gin_api2/main.go:15	log init success!!!
[2023-10-21 10:18:22.265]	local.error	bootstrap/redis.go:20	Redis connect ping failed, err:	{"err": "dial tcp 127.0.0.1:6379: connectex: No connection could be made because the target machine actively refused it."}
[2023-10-21 10:19:14.778]	local.info	gin_api2/main.go:15	log init success!!!
[2023-10-21 10:19:14.784]	local.error	bootstrap/db.go:50	mysql connect failed, err:	{"err": "dial tcp 127.0.0.1:3307: connectex: No connection could be made because the target machine actively refused it."}
[2023-10-21 10:19:14.876]	local.error	bootstrap/redis.go:20	Redis connect ping failed, err:	{"err": "dial tcp 127.0.0.1:6379: connectex: No connection could be made because the target machine actively refused it."}
[2023-10-21 10:19:49.525]	local.info	gin_api2/main.go:15	log init success!!!
[2023-10-21 10:19:49.632]	local.error	bootstrap/redis.go:20	Redis connect ping failed, err:	{"err": "dial tcp 127.0.0.1:6379: connectex: No connection could be made because the target machine actively refused it."}
[2023-10-21 10:20:13.234]	local.info	gin_api2/main.go:15	log init success!!!
[2023-10-21 10:20:13.240]	local.error	bootstrap/db.go:50	mysql connect failed, err:	{"err": "Error 1049 (42000): Unknown database 'gin_reac'"}
[2023-10-21 10:20:13.326]	local.error	bootstrap/redis.go:20	Redis connect ping failed, err:	{"err": "dial tcp 127.0.0.1:6379: connectex: No connection could be made because the target machine actively refused it."}
[2023-10-21 10:21:03.493]	local.info	gin_api2/main.go:15	log init success!!!
[2023-10-21 10:21:03.604]	local.error	bootstrap/redis.go:20	Redis connect ping failed, err:	{"err": "dial tcp 127.0.0.1:6379: connectex: No connection could be made because the target machine actively refused it."}
[2023-10-21 10:21:04.910]	local.info	gin_api2/main.go:15	log init success!!!
[2023-10-21 10:21:05.021]	local.error	bootstrap/redis.go:20	Redis connect ping failed, err:	{"err": "dial tcp 127.0.0.1:6379: connectex: No connection could be made because the target machine actively refused it."}
[2023-10-21 10:22:08.744]	local.info	gin_api2/main.go:15	log init success!!!
[2023-10-21 10:22:08.846]	local.error	bootstrap/redis.go:20	Redis connect ping failed, err:	{"err": "dial tcp 127.0.0.1:6379: connectex: No connection could be made because the target machine actively refused it."}
[2023-10-21 10:29:04.670]	local.info	gin_api2/main.go:15	log init success!!!
[2023-10-21 10:29:04.677]	local.error	bootstrap/db.go:50	mysql connect failed, err:	{"err": "Error 1049 (42000): Unknown database 'gin_r'"}
[2023-10-21 10:29:04.761]	local.error	bootstrap/redis.go:20	Redis connect ping failed, err:	{"err": "dial tcp 127.0.0.1:6379: connectex: No connection could be made because the target machine actively refused it."}


[31m2023/10/21 10:29:09 [Recovery] 2023/10/21 - 10:29:09 panic recovered:
POST /api/user/auth/register?invoice_status=0&page_size=10&page_number=1 HTTP/1.1
Host: 127.0.0.1:888
Accept: */*
Accept-Encoding: gzip, deflate, br
Connection: keep-alive
Content-Length: 81
Content-Type: text/plain
Token: eyJpdiI6IlZ6VnVlNHI3NHhVK3UweklLSEdaTHc9PSIsInZhbHVlIjoienlER0liVUhrUmZMbVhwOUVOZkdIUGFTaU1hTU1ZaHozZEpwVERxWFVWVT0iLCJtYWMiOiJjZTA3ZDY3MmVmNDBhZWViNzM0Nzg1ZmUxMmVkMDU5MzYyMjZhNGJiMjk5YjgxMWQyNTc0ZDNmYjJjZDY2N2RjIn0=
User-Agent: Apifox/1.0.0 (https://apifox.com)


runtime error: invalid memory address or nil pointer dereference
D:/Golang/src/runtime/panic.go:261 (0x3cf566)
	panicmem: panic(memoryError)
D:/Golang/src/runtime/signal_windows.go:364 (0x3cf536)
	sigpanic: panicmem()
C:/Users/vgoer/go/pkg/mod/gorm.io/gorm@v1.25.5/gorm.go:399 (0x966692)
	(*DB).getInstance: if db.clone > 0 {
C:/Users/vgoer/go/pkg/mod/gorm.io/gorm@v1.25.5/chainable_api.go:201 (0x95c775)
	(*DB).Where: tx = db.getInstance()
D:/MyProject/go_react_test/gin_api2/app/services/user.go:19 (0xb0add5)
	(*userService).Register: var result = global.App.DB.Where("mobile = ?", params.Mobile).Select("id").First(&models.User{})
D:/MyProject/go_react_test/gin_api2/app/controller/UserController.go:25 (0xb0c31d)
	UserController.Register: if err, user := services.UserService.Register(form); err != nil {
C:/Users/vgoer/go/pkg/mod/github.com/gin-gonic/gin@v1.9.1/context.go:174 (0xaf9e99)
	(*Context).Next: c.handlers[c.index](c)
C:/Users/vgoer/go/pkg/mod/github.com/gin-gonic/gin@v1.9.1/recovery.go:102 (0xaf9e87)
	CustomRecoveryWithWriter.func1: c.Next()
C:/Users/vgoer/go/pkg/mod/github.com/gin-gonic/gin@v1.9.1/context.go:174 (0xaf903d)
	(*Context).Next: c.handlers[c.index](c)
C:/Users/vgoer/go/pkg/mod/github.com/gin-gonic/gin@v1.9.1/logger.go:240 (0xaf900c)
	LoggerWithConfig.func1: c.Next()
C:/Users/vgoer/go/pkg/mod/github.com/gin-gonic/gin@v1.9.1/context.go:174 (0xaf903d)
	(*Context).Next: c.handlers[c.index](c)
C:/Users/vgoer/go/pkg/mod/github.com/gin-gonic/gin@v1.9.1/logger.go:240 (0xaf900c)
	LoggerWithConfig.func1: c.Next()
C:/Users/vgoer/go/pkg/mod/github.com/gin-gonic/gin@v1.9.1/context.go:174 (0xaf9e99)
	(*Context).Next: c.handlers[c.index](c)
C:/Users/vgoer/go/pkg/mod/github.com/gin-gonic/gin@v1.9.1/recovery.go:102 (0xaf9e87)
	CustomRecoveryWithWriter.func1: c.Next()
C:/Users/vgoer/go/pkg/mod/github.com/gin-gonic/gin@v1.9.1/context.go:174 (0xaf903d)
	(*Context).Next: c.handlers[c.index](c)
C:/Users/vgoer/go/pkg/mod/github.com/gin-gonic/gin@v1.9.1/logger.go:240 (0xaf900c)
	LoggerWithConfig.func1: c.Next()
C:/Users/vgoer/go/pkg/mod/github.com/gin-gonic/gin@v1.9.1/context.go:174 (0xaf813a)
	(*Context).Next: c.handlers[c.index](c)
C:/Users/vgoer/go/pkg/mod/github.com/gin-gonic/gin@v1.9.1/gin.go:620 (0xaf7dcd)
	(*Engine).handleHTTPRequest: c.Next()
C:/Users/vgoer/go/pkg/mod/github.com/gin-gonic/gin@v1.9.1/gin.go:576 (0xaf78fc)
	(*Engine).ServeHTTP: engine.handleHTTPRequest(c)
D:/Golang/src/net/http/server.go:2938 (0x65568d)
	serverHandler.ServeHTTP: handler.ServeHTTP(rw, req)
D:/Golang/src/net/http/server.go:2009 (0x651573)
	(*conn).serve: serverHandler{c.server}.ServeHTTP(w, w.req)
D:/Golang/src/runtime/asm_amd64.s:1650 (0x3eb8a0)
	goexit: BYTE	$0x90	// NOP
[0m


[31m2023/10/21 10:31:35 [Recovery] 2023/10/21 - 10:31:35 panic recovered:
POST /api/user/auth/register?invoice_status=0&page_size=10&page_number=1 HTTP/1.1
Host: 127.0.0.1:888
Accept: */*
Accept-Encoding: gzip, deflate, br
Connection: keep-alive
Content-Length: 81
Content-Type: text/plain
Token: eyJpdiI6IlZ6VnVlNHI3NHhVK3UweklLSEdaTHc9PSIsInZhbHVlIjoienlER0liVUhrUmZMbVhwOUVOZkdIUGFTaU1hTU1ZaHozZEpwVERxWFVWVT0iLCJtYWMiOiJjZTA3ZDY3MmVmNDBhZWViNzM0Nzg1ZmUxMmVkMDU5MzYyMjZhNGJiMjk5YjgxMWQyNTc0ZDNmYjJjZDY2N2RjIn0=
User-Agent: Apifox/1.0.0 (https://apifox.com)


runtime error: invalid memory address or nil pointer dereference
D:/Golang/src/runtime/panic.go:261 (0x3cf566)
	panicmem: panic(memoryError)
D:/Golang/src/runtime/signal_windows.go:364 (0x3cf536)
	sigpanic: panicmem()
C:/Users/vgoer/go/pkg/mod/gorm.io/gorm@v1.25.5/gorm.go:399 (0x966692)
	(*DB).getInstance: if db.clone > 0 {
C:/Users/vgoer/go/pkg/mod/gorm.io/gorm@v1.25.5/chainable_api.go:201 (0x95c775)
	(*DB).Where: tx = db.getInstance()
D:/MyProject/go_react_test/gin_api2/app/services/user.go:19 (0xb0add5)
	(*userService).Register: var result = global.App.DB.Where("mobile = ?", params.Mobile).Select("id").First(&models.User{})
D:/MyProject/go_react_test/gin_api2/app/controller/UserController.go:25 (0xb0c31d)
	UserController.Register: if err, user := services.UserService.Register(form); err != nil {
C:/Users/vgoer/go/pkg/mod/github.com/gin-gonic/gin@v1.9.1/context.go:174 (0xaf9e99)
	(*Context).Next: c.handlers[c.index](c)
C:/Users/vgoer/go/pkg/mod/github.com/gin-gonic/gin@v1.9.1/recovery.go:102 (0xaf9e87)
	CustomRecoveryWithWriter.func1: c.Next()
C:/Users/vgoer/go/pkg/mod/github.com/gin-gonic/gin@v1.9.1/context.go:174 (0xaf903d)
	(*Context).Next: c.handlers[c.index](c)
C:/Users/vgoer/go/pkg/mod/github.com/gin-gonic/gin@v1.9.1/logger.go:240 (0xaf900c)
	LoggerWithConfig.func1: c.Next()
C:/Users/vgoer/go/pkg/mod/github.com/gin-gonic/gin@v1.9.1/context.go:174 (0xaf903d)
	(*Context).Next: c.handlers[c.index](c)
C:/Users/vgoer/go/pkg/mod/github.com/gin-gonic/gin@v1.9.1/logger.go:240 (0xaf900c)
	LoggerWithConfig.func1: c.Next()
C:/Users/vgoer/go/pkg/mod/github.com/gin-gonic/gin@v1.9.1/context.go:174 (0xaf9e99)
	(*Context).Next: c.handlers[c.index](c)
C:/Users/vgoer/go/pkg/mod/github.com/gin-gonic/gin@v1.9.1/recovery.go:102 (0xaf9e87)
	CustomRecoveryWithWriter.func1: c.Next()
C:/Users/vgoer/go/pkg/mod/github.com/gin-gonic/gin@v1.9.1/context.go:174 (0xaf903d)
	(*Context).Next: c.handlers[c.index](c)
C:/Users/vgoer/go/pkg/mod/github.com/gin-gonic/gin@v1.9.1/logger.go:240 (0xaf900c)
	LoggerWithConfig.func1: c.Next()
C:/Users/vgoer/go/pkg/mod/github.com/gin-gonic/gin@v1.9.1/context.go:174 (0xaf813a)
	(*Context).Next: c.handlers[c.index](c)
C:/Users/vgoer/go/pkg/mod/github.com/gin-gonic/gin@v1.9.1/gin.go:620 (0xaf7dcd)
	(*Engine).handleHTTPRequest: c.Next()
C:/Users/vgoer/go/pkg/mod/github.com/gin-gonic/gin@v1.9.1/gin.go:576 (0xaf78fc)
	(*Engine).ServeHTTP: engine.handleHTTPRequest(c)
D:/Golang/src/net/http/server.go:2938 (0x65568d)
	serverHandler.ServeHTTP: handler.ServeHTTP(rw, req)
D:/Golang/src/net/http/server.go:2009 (0x651573)
	(*conn).serve: serverHandler{c.server}.ServeHTTP(w, w.req)
D:/Golang/src/runtime/asm_amd64.s:1650 (0x3eb8a0)
	goexit: BYTE	$0x90	// NOP
[0m
