
2023/10/17 14:49:44 D:/MyProject/go_react_test/gin_api2/bootstrap/db.go:63
[0.000ms] [rows:-] SELECT DATABASE()

2023/10/17 14:49:44 D:/MyProject/go_react_test/gin_api2/bootstrap/db.go:63
[0.522ms] [rows:1] SELECT SCHEMA_NAME from Information_schema.SCHEMATA where SCHEMA_NAME LIKE 'gin_react%' ORDER BY SCHEMA_NAME='gin_react' DESC,SCHEMA_NAME limit 1

2023/10/17 14:49:44 D:/MyProject/go_react_test/gin_api2/bootstrap/db.go:63
[0.519ms] [rows:-] SELECT count(*) FROM information_schema.tables WHERE table_schema = 'gin_react' AND table_name = 'users' AND table_type = 'BASE TABLE'

2023/10/17 14:49:44 D:/MyProject/go_react_test/gin_api2/bootstrap/db.go:63
[4.366ms] [rows:0] CREATE TABLE `users` (`id` bigint unsigned AUTO_INCREMENT,`name` varchar(191) NOT NULL COMMENT '用户名称',`mobile` varchar(191) NOT NULL COMMENT '用户手机号',`password` varchar(191) NOT NULL DEFAULT '' COMMENT '用户密码',`created_at` datetime NULL,`updated_at` datetime NULL,`deleted_at` datetime NULL,PRIMARY KEY (`id`),INDEX `idx_users_mobile` (`mobile`),INDEX `idx_users_deleted_at` (`deleted_at`))

2023/10/17 14:49:44 D:/MyProject/go_react_test/gin_api2/bootstrap/db.go:63
[0.000ms] [rows:-] SELECT DATABASE()

2023/10/17 14:49:44 D:/MyProject/go_react_test/gin_api2/bootstrap/db.go:63
[0.000ms] [rows:1] SELECT SCHEMA_NAME from Information_schema.SCHEMATA where SCHEMA_NAME LIKE 'gin_react%' ORDER BY SCHEMA_NAME='gin_react' DESC,SCHEMA_NAME limit 1

2023/10/17 14:49:44 D:/MyProject/go_react_test/gin_api2/bootstrap/db.go:63
[0.588ms] [rows:-] SELECT count(*) FROM information_schema.tables WHERE table_schema = 'gin_react' AND table_name = 'admins' AND table_type = 'BASE TABLE'

2023/10/17 14:49:44 D:/MyProject/go_react_test/gin_api2/bootstrap/db.go:63
[3.511ms] [rows:0] CREATE TABLE `admins` (`id` bigint unsigned AUTO_INCREMENT,`username` varchar(191),`password` varchar(191),`mobile` varchar(191) NOT NULL COMMENT '用户手机号',`token` varchar(191) COMMENT 'token',`created_at` datetime NULL,`updated_at` datetime NULL,`deleted_at` datetime NULL,PRIMARY KEY (`id`),INDEX `idx_admins_mobile` (`mobile`),INDEX `idx_admins_deleted_at` (`deleted_at`))

2023/10/17 16:08:44 D:/MyProject/go_react_test/gin_api2/bootstrap/db.go:63
[0.070ms] [rows:-] SELECT DATABASE()

2023/10/17 16:08:44 D:/MyProject/go_react_test/gin_api2/bootstrap/db.go:63
[1.723ms] [rows:1] SELECT SCHEMA_NAME from Information_schema.SCHEMATA where SCHEMA_NAME LIKE 'gin_react%' ORDER BY SCHEMA_NAME='gin_react' DESC,SCHEMA_NAME limit 1

2023/10/17 16:08:44 D:/MyProject/go_react_test/gin_api2/bootstrap/db.go:63
[0.453ms] [rows:-] SELECT count(*) FROM information_schema.tables WHERE table_schema = 'gin_react' AND table_name = 'users' AND table_type = 'BASE TABLE'

2023/10/17 16:08:44 D:/MyProject/go_react_test/gin_api2/bootstrap/db.go:63
[0.000ms] [rows:-] SELECT DATABASE()

2023/10/17 16:08:44 D:/MyProject/go_react_test/gin_api2/bootstrap/db.go:63
[0.751ms] [rows:1] SELECT SCHEMA_NAME from Information_schema.SCHEMATA where SCHEMA_NAME LIKE 'gin_react%' ORDER BY SCHEMA_NAME='gin_react' DESC,SCHEMA_NAME limit 1

2023/10/17 16:08:44 D:/MyProject/go_react_test/gin_api2/bootstrap/db.go:63
[0.362ms] [rows:-] SELECT * FROM `users` LIMIT 1

2023/10/17 16:08:44 D:/MyProject/go_react_test/gin_api2/bootstrap/db.go:63
[0.999ms] [rows:-] SELECT column_name, column_default, is_nullable = 'YES', data_type, character_maximum_length, column_type, column_key, extra, column_comment, numeric_precision, numeric_scale FROM information_schema.columns WHERE table_schema = 'gin_react' AND table_name = 'users' ORDER BY ORDINAL_POSITION

2023/10/17 16:08:44 D:/MyProject/go_react_test/gin_api2/bootstrap/db.go:63
[0.000ms] [rows:-] SELECT DATABASE()

2023/10/17 16:08:44 D:/MyProject/go_react_test/gin_api2/bootstrap/db.go:63
[0.405ms] [rows:1] SELECT SCHEMA_NAME from Information_schema.SCHEMATA where SCHEMA_NAME LIKE 'gin_react%' ORDER BY SCHEMA_NAME='gin_react' DESC,SCHEMA_NAME limit 1

2023/10/17 16:08:44 D:/MyProject/go_react_test/gin_api2/bootstrap/db.go:63
[0.235ms] [rows:-] SELECT count(*) FROM information_schema.statistics WHERE table_schema = 'gin_react' AND table_name = 'users' AND index_name = 'idx_users_mobile'

2023/10/17 16:08:44 D:/MyProject/go_react_test/gin_api2/bootstrap/db.go:63
[0.105ms] [rows:-] SELECT DATABASE()

2023/10/17 16:08:44 D:/MyProject/go_react_test/gin_api2/bootstrap/db.go:63
[0.000ms] [rows:1] SELECT SCHEMA_NAME from Information_schema.SCHEMATA where SCHEMA_NAME LIKE 'gin_react%' ORDER BY SCHEMA_NAME='gin_react' DESC,SCHEMA_NAME limit 1

2023/10/17 16:08:44 D:/MyProject/go_react_test/gin_api2/bootstrap/db.go:63
[0.000ms] [rows:-] SELECT count(*) FROM information_schema.statistics WHERE table_schema = 'gin_react' AND table_name = 'users' AND index_name = 'idx_users_deleted_at'

2023/10/17 16:08:44 D:/MyProject/go_react_test/gin_api2/bootstrap/db.go:63
[0.000ms] [rows:-] SELECT DATABASE()

2023/10/17 16:08:44 D:/MyProject/go_react_test/gin_api2/bootstrap/db.go:63
[0.603ms] [rows:1] SELECT SCHEMA_NAME from Information_schema.SCHEMATA where SCHEMA_NAME LIKE 'gin_react%' ORDER BY SCHEMA_NAME='gin_react' DESC,SCHEMA_NAME limit 1

2023/10/17 16:08:44 D:/MyProject/go_react_test/gin_api2/bootstrap/db.go:63
[0.522ms] [rows:-] SELECT count(*) FROM information_schema.tables WHERE table_schema = 'gin_react' AND table_name = 'admins' AND table_type = 'BASE TABLE'

2023/10/17 16:08:44 D:/MyProject/go_react_test/gin_api2/bootstrap/db.go:63
[0.000ms] [rows:-] SELECT DATABASE()

2023/10/17 16:08:44 D:/MyProject/go_react_test/gin_api2/bootstrap/db.go:63
[0.505ms] [rows:1] SELECT SCHEMA_NAME from Information_schema.SCHEMATA where SCHEMA_NAME LIKE 'gin_react%' ORDER BY SCHEMA_NAME='gin_react' DESC,SCHEMA_NAME limit 1

2023/10/17 16:08:44 D:/MyProject/go_react_test/gin_api2/bootstrap/db.go:63
[0.000ms] [rows:-] SELECT * FROM `admins` LIMIT 1

2023/10/17 16:08:44 D:/MyProject/go_react_test/gin_api2/bootstrap/db.go:63
[0.558ms] [rows:-] SELECT column_name, column_default, is_nullable = 'YES', data_type, character_maximum_length, column_type, column_key, extra, column_comment, numeric_precision, numeric_scale FROM information_schema.columns WHERE table_schema = 'gin_react' AND table_name = 'admins' ORDER BY ORDINAL_POSITION

2023/10/17 16:08:44 D:/MyProject/go_react_test/gin_api2/bootstrap/db.go:63
[0.000ms] [rows:-] SELECT DATABASE()

2023/10/17 16:08:44 D:/MyProject/go_react_test/gin_api2/bootstrap/db.go:63
[0.000ms] [rows:1] SELECT SCHEMA_NAME from Information_schema.SCHEMATA where SCHEMA_NAME LIKE 'gin_react%' ORDER BY SCHEMA_NAME='gin_react' DESC,SCHEMA_NAME limit 1

2023/10/17 16:08:44 D:/MyProject/go_react_test/gin_api2/bootstrap/db.go:63
[0.000ms] [rows:-] SELECT count(*) FROM information_schema.statistics WHERE table_schema = 'gin_react' AND table_name = 'admins' AND index_name = 'idx_admins_deleted_at'

2023/10/17 16:08:44 D:/MyProject/go_react_test/gin_api2/bootstrap/db.go:63
[0.523ms] [rows:-] SELECT DATABASE()

2023/10/17 16:08:44 D:/MyProject/go_react_test/gin_api2/bootstrap/db.go:63
[0.000ms] [rows:1] SELECT SCHEMA_NAME from Information_schema.SCHEMATA where SCHEMA_NAME LIKE 'gin_react%' ORDER BY SCHEMA_NAME='gin_react' DESC,SCHEMA_NAME limit 1

2023/10/17 16:08:44 D:/MyProject/go_react_test/gin_api2/bootstrap/db.go:63
[0.000ms] [rows:-] SELECT count(*) FROM information_schema.statistics WHERE table_schema = 'gin_react' AND table_name = 'admins' AND index_name = 'idx_admins_mobile'

2023/10/17 16:09:24 D:/MyProject/go_react_test/gin_api2/bootstrap/db.go:63
[0.000ms] [rows:-] SELECT DATABASE()

2023/10/17 16:09:24 D:/MyProject/go_react_test/gin_api2/bootstrap/db.go:63
[0.658ms] [rows:1] SELECT SCHEMA_NAME from Information_schema.SCHEMATA where SCHEMA_NAME LIKE 'gin_react%' ORDER BY SCHEMA_NAME='gin_react' DESC,SCHEMA_NAME limit 1

2023/10/17 16:09:24 D:/MyProject/go_react_test/gin_api2/bootstrap/db.go:63
[0.000ms] [rows:-] SELECT count(*) FROM information_schema.tables WHERE table_schema = 'gin_react' AND table_name = 'users' AND table_type = 'BASE TABLE'

2023/10/17 16:09:24 D:/MyProject/go_react_test/gin_api2/bootstrap/db.go:63
[0.000ms] [rows:-] SELECT DATABASE()

2023/10/17 16:09:24 D:/MyProject/go_react_test/gin_api2/bootstrap/db.go:63
[0.503ms] [rows:1] SELECT SCHEMA_NAME from Information_schema.SCHEMATA where SCHEMA_NAME LIKE 'gin_react%' ORDER BY SCHEMA_NAME='gin_react' DESC,SCHEMA_NAME limit 1

2023/10/17 16:09:24 D:/MyProject/go_react_test/gin_api2/bootstrap/db.go:63
[0.000ms] [rows:-] SELECT * FROM `users` LIMIT 1

2023/10/17 16:09:24 D:/MyProject/go_react_test/gin_api2/bootstrap/db.go:63
[0.518ms] [rows:-] SELECT column_name, column_default, is_nullable = 'YES', data_type, character_maximum_length, column_type, column_key, extra, column_comment, numeric_precision, numeric_scale FROM information_schema.columns WHERE table_schema = 'gin_react' AND table_name = 'users' ORDER BY ORDINAL_POSITION

2023/10/17 16:09:24 D:/MyProject/go_react_test/gin_api2/bootstrap/db.go:63
[0.000ms] [rows:-] SELECT DATABASE()

2023/10/17 16:09:24 D:/MyProject/go_react_test/gin_api2/bootstrap/db.go:63
[0.673ms] [rows:1] SELECT SCHEMA_NAME from Information_schema.SCHEMATA where SCHEMA_NAME LIKE 'gin_react%' ORDER BY SCHEMA_NAME='gin_react' DESC,SCHEMA_NAME limit 1

2023/10/17 16:09:24 D:/MyProject/go_react_test/gin_api2/bootstrap/db.go:63
[0.000ms] [rows:-] SELECT count(*) FROM information_schema.statistics WHERE table_schema = 'gin_react' AND table_name = 'users' AND index_name = 'idx_users_mobile'

2023/10/17 16:09:24 D:/MyProject/go_react_test/gin_api2/bootstrap/db.go:63
[0.000ms] [rows:-] SELECT DATABASE()

2023/10/17 16:09:24 D:/MyProject/go_react_test/gin_api2/bootstrap/db.go:63
[0.503ms] [rows:1] SELECT SCHEMA_NAME from Information_schema.SCHEMATA where SCHEMA_NAME LIKE 'gin_react%' ORDER BY SCHEMA_NAME='gin_react' DESC,SCHEMA_NAME limit 1

2023/10/17 16:09:24 D:/MyProject/go_react_test/gin_api2/bootstrap/db.go:63
[0.054ms] [rows:-] SELECT count(*) FROM information_schema.statistics WHERE table_schema = 'gin_react' AND table_name = 'users' AND index_name = 'idx_users_deleted_at'

2023/10/17 16:09:24 D:/MyProject/go_react_test/gin_api2/bootstrap/db.go:63
[0.000ms] [rows:-] SELECT DATABASE()

2023/10/17 16:09:24 D:/MyProject/go_react_test/gin_api2/bootstrap/db.go:63
[0.000ms] [rows:1] SELECT SCHEMA_NAME from Information_schema.SCHEMATA where SCHEMA_NAME LIKE 'gin_react%' ORDER BY SCHEMA_NAME='gin_react' DESC,SCHEMA_NAME limit 1

2023/10/17 16:09:24 D:/MyProject/go_react_test/gin_api2/bootstrap/db.go:63
[0.503ms] [rows:-] SELECT count(*) FROM information_schema.tables WHERE table_schema = 'gin_react' AND table_name = 'admins' AND table_type = 'BASE TABLE'

2023/10/17 16:09:24 D:/MyProject/go_react_test/gin_api2/bootstrap/db.go:63
[0.000ms] [rows:-] SELECT DATABASE()

2023/10/17 16:09:24 D:/MyProject/go_react_test/gin_api2/bootstrap/db.go:63
[0.000ms] [rows:1] SELECT SCHEMA_NAME from Information_schema.SCHEMATA where SCHEMA_NAME LIKE 'gin_react%' ORDER BY SCHEMA_NAME='gin_react' DESC,SCHEMA_NAME limit 1

2023/10/17 16:09:24 D:/MyProject/go_react_test/gin_api2/bootstrap/db.go:63
[0.000ms] [rows:-] SELECT * FROM `admins` LIMIT 1

2023/10/17 16:09:24 D:/MyProject/go_react_test/gin_api2/bootstrap/db.go:63
[0.643ms] [rows:-] SELECT column_name, column_default, is_nullable = 'YES', data_type, character_maximum_length, column_type, column_key, extra, column_comment, numeric_precision, numeric_scale FROM information_schema.columns WHERE table_schema = 'gin_react' AND table_name = 'admins' ORDER BY ORDINAL_POSITION

2023/10/17 16:09:24 D:/MyProject/go_react_test/gin_api2/bootstrap/db.go:63
[0.000ms] [rows:-] SELECT DATABASE()

2023/10/17 16:09:24 D:/MyProject/go_react_test/gin_api2/bootstrap/db.go:63
[0.504ms] [rows:1] SELECT SCHEMA_NAME from Information_schema.SCHEMATA where SCHEMA_NAME LIKE 'gin_react%' ORDER BY SCHEMA_NAME='gin_react' DESC,SCHEMA_NAME limit 1

2023/10/17 16:09:24 D:/MyProject/go_react_test/gin_api2/bootstrap/db.go:63
[0.000ms] [rows:-] SELECT count(*) FROM information_schema.statistics WHERE table_schema = 'gin_react' AND table_name = 'admins' AND index_name = 'idx_admins_mobile'

2023/10/17 16:09:24 D:/MyProject/go_react_test/gin_api2/bootstrap/db.go:63
[0.543ms] [rows:-] SELECT DATABASE()

2023/10/17 16:09:24 D:/MyProject/go_react_test/gin_api2/bootstrap/db.go:63
[0.000ms] [rows:1] SELECT SCHEMA_NAME from Information_schema.SCHEMATA where SCHEMA_NAME LIKE 'gin_react%' ORDER BY SCHEMA_NAME='gin_react' DESC,SCHEMA_NAME limit 1

2023/10/17 16:09:24 D:/MyProject/go_react_test/gin_api2/bootstrap/db.go:63
[0.576ms] [rows:-] SELECT count(*) FROM information_schema.statistics WHERE table_schema = 'gin_react' AND table_name = 'admins' AND index_name = 'idx_admins_deleted_at'

2023/10/17 16:10:33 D:/MyProject/go_react_test/gin_api2/bootstrap/db.go:63
[0.000ms] [rows:-] SELECT DATABASE()

2023/10/17 16:10:33 D:/MyProject/go_react_test/gin_api2/bootstrap/db.go:63
[0.518ms] [rows:1] SELECT SCHEMA_NAME from Information_schema.SCHEMATA where SCHEMA_NAME LIKE 'gin_react%' ORDER BY SCHEMA_NAME='gin_react' DESC,SCHEMA_NAME limit 1

2023/10/17 16:10:33 D:/MyProject/go_react_test/gin_api2/bootstrap/db.go:63
[0.529ms] [rows:-] SELECT count(*) FROM information_schema.tables WHERE table_schema = 'gin_react' AND table_name = 'users' AND table_type = 'BASE TABLE'

2023/10/17 16:10:33 D:/MyProject/go_react_test/gin_api2/bootstrap/db.go:63
[0.000ms] [rows:-] SELECT DATABASE()

2023/10/17 16:10:33 D:/MyProject/go_react_test/gin_api2/bootstrap/db.go:63
[0.601ms] [rows:1] SELECT SCHEMA_NAME from Information_schema.SCHEMATA where SCHEMA_NAME LIKE 'gin_react%' ORDER BY SCHEMA_NAME='gin_react' DESC,SCHEMA_NAME limit 1

2023/10/17 16:10:33 D:/MyProject/go_react_test/gin_api2/bootstrap/db.go:63
[0.515ms] [rows:-] SELECT * FROM `users` LIMIT 1

2023/10/17 16:10:33 D:/MyProject/go_react_test/gin_api2/bootstrap/db.go:63
[0.534ms] [rows:-] SELECT column_name, column_default, is_nullable = 'YES', data_type, character_maximum_length, column_type, column_key, extra, column_comment, numeric_precision, numeric_scale FROM information_schema.columns WHERE table_schema = 'gin_react' AND table_name = 'users' ORDER BY ORDINAL_POSITION

2023/10/17 16:10:33 D:/MyProject/go_react_test/gin_api2/bootstrap/db.go:63
[0.000ms] [rows:-] SELECT DATABASE()

2023/10/17 16:10:33 D:/MyProject/go_react_test/gin_api2/bootstrap/db.go:63
[0.000ms] [rows:1] SELECT SCHEMA_NAME from Information_schema.SCHEMATA where SCHEMA_NAME LIKE 'gin_react%' ORDER BY SCHEMA_NAME='gin_react' DESC,SCHEMA_NAME limit 1

2023/10/17 16:10:33 D:/MyProject/go_react_test/gin_api2/bootstrap/db.go:63
[0.524ms] [rows:-] SELECT count(*) FROM information_schema.statistics WHERE table_schema = 'gin_react' AND table_name = 'users' AND index_name = 'idx_users_deleted_at'

2023/10/17 16:10:33 D:/MyProject/go_react_test/gin_api2/bootstrap/db.go:63
[0.000ms] [rows:-] SELECT DATABASE()

2023/10/17 16:10:33 D:/MyProject/go_react_test/gin_api2/bootstrap/db.go:63
[0.000ms] [rows:1] SELECT SCHEMA_NAME from Information_schema.SCHEMATA where SCHEMA_NAME LIKE 'gin_react%' ORDER BY SCHEMA_NAME='gin_react' DESC,SCHEMA_NAME limit 1

2023/10/17 16:10:33 D:/MyProject/go_react_test/gin_api2/bootstrap/db.go:63
[0.565ms] [rows:-] SELECT count(*) FROM information_schema.statistics WHERE table_schema = 'gin_react' AND table_name = 'users' AND index_name = 'idx_users_mobile'

2023/10/17 16:10:33 D:/MyProject/go_react_test/gin_api2/bootstrap/db.go:63
[0.000ms] [rows:-] SELECT DATABASE()

2023/10/17 16:10:33 D:/MyProject/go_react_test/gin_api2/bootstrap/db.go:63
[0.000ms] [rows:1] SELECT SCHEMA_NAME from Information_schema.SCHEMATA where SCHEMA_NAME LIKE 'gin_react%' ORDER BY SCHEMA_NAME='gin_react' DESC,SCHEMA_NAME limit 1

2023/10/17 16:10:33 D:/MyProject/go_react_test/gin_api2/bootstrap/db.go:63
[0.504ms] [rows:-] SELECT count(*) FROM information_schema.tables WHERE table_schema = 'gin_react' AND table_name = 'admins' AND table_type = 'BASE TABLE'

2023/10/17 16:10:33 D:/MyProject/go_react_test/gin_api2/bootstrap/db.go:63
[0.000ms] [rows:-] SELECT DATABASE()

2023/10/17 16:10:33 D:/MyProject/go_react_test/gin_api2/bootstrap/db.go:63
[0.000ms] [rows:1] SELECT SCHEMA_NAME from Information_schema.SCHEMATA where SCHEMA_NAME LIKE 'gin_react%' ORDER BY SCHEMA_NAME='gin_react' DESC,SCHEMA_NAME limit 1

2023/10/17 16:10:33 D:/MyProject/go_react_test/gin_api2/bootstrap/db.go:63
[0.504ms] [rows:-] SELECT * FROM `admins` LIMIT 1

2023/10/17 16:10:33 D:/MyProject/go_react_test/gin_api2/bootstrap/db.go:63
[0.116ms] [rows:-] SELECT column_name, column_default, is_nullable = 'YES', data_type, character_maximum_length, column_type, column_key, extra, column_comment, numeric_precision, numeric_scale FROM information_schema.columns WHERE table_schema = 'gin_react' AND table_name = 'admins' ORDER BY ORDINAL_POSITION

2023/10/17 16:10:33 D:/MyProject/go_react_test/gin_api2/bootstrap/db.go:63
[0.000ms] [rows:-] SELECT DATABASE()

2023/10/17 16:10:33 D:/MyProject/go_react_test/gin_api2/bootstrap/db.go:63
[0.000ms] [rows:1] SELECT SCHEMA_NAME from Information_schema.SCHEMATA where SCHEMA_NAME LIKE 'gin_react%' ORDER BY SCHEMA_NAME='gin_react' DESC,SCHEMA_NAME limit 1

2023/10/17 16:10:33 D:/MyProject/go_react_test/gin_api2/bootstrap/db.go:63
[0.000ms] [rows:-] SELECT count(*) FROM information_schema.statistics WHERE table_schema = 'gin_react' AND table_name = 'admins' AND index_name = 'idx_admins_mobile'

2023/10/17 16:10:33 D:/MyProject/go_react_test/gin_api2/bootstrap/db.go:63
[0.513ms] [rows:-] SELECT DATABASE()

2023/10/17 16:10:33 D:/MyProject/go_react_test/gin_api2/bootstrap/db.go:63
[0.093ms] [rows:1] SELECT SCHEMA_NAME from Information_schema.SCHEMATA where SCHEMA_NAME LIKE 'gin_react%' ORDER BY SCHEMA_NAME='gin_react' DESC,SCHEMA_NAME limit 1

2023/10/17 16:10:33 D:/MyProject/go_react_test/gin_api2/bootstrap/db.go:63
[0.000ms] [rows:-] SELECT count(*) FROM information_schema.statistics WHERE table_schema = 'gin_react' AND table_name = 'admins' AND index_name = 'idx_admins_deleted_at'

2023/10/17 16:14:39 D:/MyProject/go_react_test/gin_api2/bootstrap/db.go:63
[0.000ms] [rows:-] SELECT DATABASE()

2023/10/17 16:14:39 D:/MyProject/go_react_test/gin_api2/bootstrap/db.go:63
[0.509ms] [rows:1] SELECT SCHEMA_NAME from Information_schema.SCHEMATA where SCHEMA_NAME LIKE 'gin_react%' ORDER BY SCHEMA_NAME='gin_react' DESC,SCHEMA_NAME limit 1

2023/10/17 16:14:39 D:/MyProject/go_react_test/gin_api2/bootstrap/db.go:63
[0.515ms] [rows:-] SELECT count(*) FROM information_schema.tables WHERE table_schema = 'gin_react' AND table_name = 'users' AND table_type = 'BASE TABLE'

2023/10/17 16:14:39 D:/MyProject/go_react_test/gin_api2/bootstrap/db.go:63
[0.000ms] [rows:-] SELECT DATABASE()

2023/10/17 16:14:39 D:/MyProject/go_react_test/gin_api2/bootstrap/db.go:63
[0.000ms] [rows:1] SELECT SCHEMA_NAME from Information_schema.SCHEMATA where SCHEMA_NAME LIKE 'gin_react%' ORDER BY SCHEMA_NAME='gin_react' DESC,SCHEMA_NAME limit 1

2023/10/17 16:14:40 D:/MyProject/go_react_test/gin_api2/bootstrap/db.go:63
[0.631ms] [rows:-] SELECT * FROM `users` LIMIT 1

2023/10/17 16:14:40 D:/MyProject/go_react_test/gin_api2/bootstrap/db.go:63
[0.504ms] [rows:-] SELECT column_name, column_default, is_nullable = 'YES', data_type, character_maximum_length, column_type, column_key, extra, column_comment, numeric_precision, numeric_scale FROM information_schema.columns WHERE table_schema = 'gin_react' AND table_name = 'users' ORDER BY ORDINAL_POSITION

2023/10/17 16:14:40 D:/MyProject/go_react_test/gin_api2/bootstrap/db.go:63
[0.000ms] [rows:-] SELECT DATABASE()

2023/10/17 16:14:40 D:/MyProject/go_react_test/gin_api2/bootstrap/db.go:63
[0.516ms] [rows:1] SELECT SCHEMA_NAME from Information_schema.SCHEMATA where SCHEMA_NAME LIKE 'gin_react%' ORDER BY SCHEMA_NAME='gin_react' DESC,SCHEMA_NAME limit 1

2023/10/17 16:14:40 D:/MyProject/go_react_test/gin_api2/bootstrap/db.go:63
[0.115ms] [rows:-] SELECT count(*) FROM information_schema.statistics WHERE table_schema = 'gin_react' AND table_name = 'users' AND index_name = 'idx_users_deleted_at'

2023/10/17 16:14:40 D:/MyProject/go_react_test/gin_api2/bootstrap/db.go:63
[0.000ms] [rows:-] SELECT DATABASE()

2023/10/17 16:14:40 D:/MyProject/go_react_test/gin_api2/bootstrap/db.go:63
[0.000ms] [rows:1] SELECT SCHEMA_NAME from Information_schema.SCHEMATA where SCHEMA_NAME LIKE 'gin_react%' ORDER BY SCHEMA_NAME='gin_react' DESC,SCHEMA_NAME limit 1

2023/10/17 16:14:40 D:/MyProject/go_react_test/gin_api2/bootstrap/db.go:63
[0.503ms] [rows:-] SELECT count(*) FROM information_schema.statistics WHERE table_schema = 'gin_react' AND table_name = 'users' AND index_name = 'idx_users_mobile'

2023/10/17 16:14:40 D:/MyProject/go_react_test/gin_api2/bootstrap/db.go:63
[0.000ms] [rows:-] SELECT DATABASE()

2023/10/17 16:14:40 D:/MyProject/go_react_test/gin_api2/bootstrap/db.go:63
[0.146ms] [rows:1] SELECT SCHEMA_NAME from Information_schema.SCHEMATA where SCHEMA_NAME LIKE 'gin_react%' ORDER BY SCHEMA_NAME='gin_react' DESC,SCHEMA_NAME limit 1

2023/10/17 16:14:40 D:/MyProject/go_react_test/gin_api2/bootstrap/db.go:63
[0.000ms] [rows:-] SELECT count(*) FROM information_schema.tables WHERE table_schema = 'gin_react' AND table_name = 'admins' AND table_type = 'BASE TABLE'

2023/10/17 16:14:40 D:/MyProject/go_react_test/gin_api2/bootstrap/db.go:63
[0.000ms] [rows:-] SELECT DATABASE()

2023/10/17 16:14:40 D:/MyProject/go_react_test/gin_api2/bootstrap/db.go:63
[0.505ms] [rows:1] SELECT SCHEMA_NAME from Information_schema.SCHEMATA where SCHEMA_NAME LIKE 'gin_react%' ORDER BY SCHEMA_NAME='gin_react' DESC,SCHEMA_NAME limit 1

2023/10/17 16:14:40 D:/MyProject/go_react_test/gin_api2/bootstrap/db.go:63
[0.000ms] [rows:-] SELECT * FROM `admins` LIMIT 1

2023/10/17 16:14:40 D:/MyProject/go_react_test/gin_api2/bootstrap/db.go:63
[0.184ms] [rows:-] SELECT column_name, column_default, is_nullable = 'YES', data_type, character_maximum_length, column_type, column_key, extra, column_comment, numeric_precision, numeric_scale FROM information_schema.columns WHERE table_schema = 'gin_react' AND table_name = 'admins' ORDER BY ORDINAL_POSITION

2023/10/17 16:14:40 D:/MyProject/go_react_test/gin_api2/bootstrap/db.go:63
[0.000ms] [rows:-] SELECT DATABASE()

2023/10/17 16:14:40 D:/MyProject/go_react_test/gin_api2/bootstrap/db.go:63
[0.668ms] [rows:1] SELECT SCHEMA_NAME from Information_schema.SCHEMATA where SCHEMA_NAME LIKE 'gin_react%' ORDER BY SCHEMA_NAME='gin_react' DESC,SCHEMA_NAME limit 1

2023/10/17 16:14:40 D:/MyProject/go_react_test/gin_api2/bootstrap/db.go:63
[0.000ms] [rows:-] SELECT count(*) FROM information_schema.statistics WHERE table_schema = 'gin_react' AND table_name = 'admins' AND index_name = 'idx_admins_mobile'

2023/10/17 16:14:40 D:/MyProject/go_react_test/gin_api2/bootstrap/db.go:63
[0.000ms] [rows:-] SELECT DATABASE()

2023/10/17 16:14:40 D:/MyProject/go_react_test/gin_api2/bootstrap/db.go:63
[0.504ms] [rows:1] SELECT SCHEMA_NAME from Information_schema.SCHEMATA where SCHEMA_NAME LIKE 'gin_react%' ORDER BY SCHEMA_NAME='gin_react' DESC,SCHEMA_NAME limit 1

2023/10/17 16:14:40 D:/MyProject/go_react_test/gin_api2/bootstrap/db.go:63
[0.000ms] [rows:-] SELECT count(*) FROM information_schema.statistics WHERE table_schema = 'gin_react' AND table_name = 'admins' AND index_name = 'idx_admins_deleted_at'

2023/10/17 16:15:37 D:/MyProject/go_react_test/gin_api2/bootstrap/db.go:63
[0.503ms] [rows:-] SELECT DATABASE()

2023/10/17 16:15:37 D:/MyProject/go_react_test/gin_api2/bootstrap/db.go:63
[0.000ms] [rows:1] SELECT SCHEMA_NAME from Information_schema.SCHEMATA where SCHEMA_NAME LIKE 'gin_react%' ORDER BY SCHEMA_NAME='gin_react' DESC,SCHEMA_NAME limit 1

2023/10/17 16:15:37 D:/MyProject/go_react_test/gin_api2/bootstrap/db.go:63
[0.503ms] [rows:-] SELECT count(*) FROM information_schema.tables WHERE table_schema = 'gin_react' AND table_name = 'users' AND table_type = 'BASE TABLE'

2023/10/17 16:15:37 D:/MyProject/go_react_test/gin_api2/bootstrap/db.go:63
[0.000ms] [rows:-] SELECT DATABASE()

2023/10/17 16:15:37 D:/MyProject/go_react_test/gin_api2/bootstrap/db.go:63
[0.000ms] [rows:1] SELECT SCHEMA_NAME from Information_schema.SCHEMATA where SCHEMA_NAME LIKE 'gin_react%' ORDER BY SCHEMA_NAME='gin_react' DESC,SCHEMA_NAME limit 1

2023/10/17 16:15:37 D:/MyProject/go_react_test/gin_api2/bootstrap/db.go:63
[0.000ms] [rows:-] SELECT * FROM `users` LIMIT 1

2023/10/17 16:15:37 D:/MyProject/go_react_test/gin_api2/bootstrap/db.go:63
[0.520ms] [rows:-] SELECT column_name, column_default, is_nullable = 'YES', data_type, character_maximum_length, column_type, column_key, extra, column_comment, numeric_precision, numeric_scale FROM information_schema.columns WHERE table_schema = 'gin_react' AND table_name = 'users' ORDER BY ORDINAL_POSITION

2023/10/17 16:15:37 D:/MyProject/go_react_test/gin_api2/bootstrap/db.go:63
[0.000ms] [rows:-] SELECT DATABASE()

2023/10/17 16:15:37 D:/MyProject/go_react_test/gin_api2/bootstrap/db.go:63
[0.514ms] [rows:1] SELECT SCHEMA_NAME from Information_schema.SCHEMATA where SCHEMA_NAME LIKE 'gin_react%' ORDER BY SCHEMA_NAME='gin_react' DESC,SCHEMA_NAME limit 1

2023/10/17 16:15:37 D:/MyProject/go_react_test/gin_api2/bootstrap/db.go:63
[0.000ms] [rows:-] SELECT count(*) FROM information_schema.statistics WHERE table_schema = 'gin_react' AND table_name = 'users' AND index_name = 'idx_users_mobile'

2023/10/17 16:15:37 D:/MyProject/go_react_test/gin_api2/bootstrap/db.go:63
[0.000ms] [rows:-] SELECT DATABASE()

2023/10/17 16:15:37 D:/MyProject/go_react_test/gin_api2/bootstrap/db.go:63
[0.000ms] [rows:1] SELECT SCHEMA_NAME from Information_schema.SCHEMATA where SCHEMA_NAME LIKE 'gin_react%' ORDER BY SCHEMA_NAME='gin_react' DESC,SCHEMA_NAME limit 1

2023/10/17 16:15:37 D:/MyProject/go_react_test/gin_api2/bootstrap/db.go:63
[0.514ms] [rows:-] SELECT count(*) FROM information_schema.statistics WHERE table_schema = 'gin_react' AND table_name = 'users' AND index_name = 'idx_users_deleted_at'

2023/10/17 16:15:37 D:/MyProject/go_react_test/gin_api2/bootstrap/db.go:63
[0.000ms] [rows:-] SELECT DATABASE()

2023/10/17 16:15:37 D:/MyProject/go_react_test/gin_api2/bootstrap/db.go:63
[0.000ms] [rows:1] SELECT SCHEMA_NAME from Information_schema.SCHEMATA where SCHEMA_NAME LIKE 'gin_react%' ORDER BY SCHEMA_NAME='gin_react' DESC,SCHEMA_NAME limit 1

2023/10/17 16:15:37 D:/MyProject/go_react_test/gin_api2/bootstrap/db.go:63
[0.000ms] [rows:-] SELECT count(*) FROM information_schema.tables WHERE table_schema = 'gin_react' AND table_name = 'admins' AND table_type = 'BASE TABLE'

2023/10/17 16:15:37 D:/MyProject/go_react_test/gin_api2/bootstrap/db.go:63
[0.000ms] [rows:-] SELECT DATABASE()

2023/10/17 16:15:37 D:/MyProject/go_react_test/gin_api2/bootstrap/db.go:63
[0.648ms] [rows:1] SELECT SCHEMA_NAME from Information_schema.SCHEMATA where SCHEMA_NAME LIKE 'gin_react%' ORDER BY SCHEMA_NAME='gin_react' DESC,SCHEMA_NAME limit 1

2023/10/17 16:15:37 D:/MyProject/go_react_test/gin_api2/bootstrap/db.go:63
[0.000ms] [rows:-] SELECT * FROM `admins` LIMIT 1

2023/10/17 16:15:37 D:/MyProject/go_react_test/gin_api2/bootstrap/db.go:63
[0.000ms] [rows:-] SELECT column_name, column_default, is_nullable = 'YES', data_type, character_maximum_length, column_type, column_key, extra, column_comment, numeric_precision, numeric_scale FROM information_schema.columns WHERE table_schema = 'gin_react' AND table_name = 'admins' ORDER BY ORDINAL_POSITION

2023/10/17 16:15:37 D:/MyProject/go_react_test/gin_api2/bootstrap/db.go:63
[0.000ms] [rows:-] SELECT DATABASE()

2023/10/17 16:15:37 D:/MyProject/go_react_test/gin_api2/bootstrap/db.go:63
[0.000ms] [rows:1] SELECT SCHEMA_NAME from Information_schema.SCHEMATA where SCHEMA_NAME LIKE 'gin_react%' ORDER BY SCHEMA_NAME='gin_react' DESC,SCHEMA_NAME limit 1

2023/10/17 16:15:37 D:/MyProject/go_react_test/gin_api2/bootstrap/db.go:63
[0.000ms] [rows:-] SELECT count(*) FROM information_schema.statistics WHERE table_schema = 'gin_react' AND table_name = 'admins' AND index_name = 'idx_admins_mobile'

2023/10/17 16:15:37 D:/MyProject/go_react_test/gin_api2/bootstrap/db.go:63
[0.514ms] [rows:-] SELECT DATABASE()

2023/10/17 16:15:37 D:/MyProject/go_react_test/gin_api2/bootstrap/db.go:63
[0.206ms] [rows:1] SELECT SCHEMA_NAME from Information_schema.SCHEMATA where SCHEMA_NAME LIKE 'gin_react%' ORDER BY SCHEMA_NAME='gin_react' DESC,SCHEMA_NAME limit 1

2023/10/17 16:15:37 D:/MyProject/go_react_test/gin_api2/bootstrap/db.go:63
[0.000ms] [rows:-] SELECT count(*) FROM information_schema.statistics WHERE table_schema = 'gin_react' AND table_name = 'admins' AND index_name = 'idx_admins_deleted_at'

2023/10/17 16:30:06 D:/MyProject/go_react_test/gin_api2/bootstrap/db.go:63
[0.000ms] [rows:-] SELECT DATABASE()

2023/10/17 16:30:06 D:/MyProject/go_react_test/gin_api2/bootstrap/db.go:63
[0.000ms] [rows:1] SELECT SCHEMA_NAME from Information_schema.SCHEMATA where SCHEMA_NAME LIKE 'gin_react%' ORDER BY SCHEMA_NAME='gin_react' DESC,SCHEMA_NAME limit 1

2023/10/17 16:30:06 D:/MyProject/go_react_test/gin_api2/bootstrap/db.go:63
[0.000ms] [rows:-] SELECT count(*) FROM information_schema.tables WHERE table_schema = 'gin_react' AND table_name = 'users' AND table_type = 'BASE TABLE'

2023/10/17 16:30:06 D:/MyProject/go_react_test/gin_api2/bootstrap/db.go:63
[0.000ms] [rows:-] SELECT DATABASE()

2023/10/17 16:30:06 D:/MyProject/go_react_test/gin_api2/bootstrap/db.go:63
[0.000ms] [rows:1] SELECT SCHEMA_NAME from Information_schema.SCHEMATA where SCHEMA_NAME LIKE 'gin_react%' ORDER BY SCHEMA_NAME='gin_react' DESC,SCHEMA_NAME limit 1

2023/10/17 16:30:06 D:/MyProject/go_react_test/gin_api2/bootstrap/db.go:63
[0.169ms] [rows:-] SELECT * FROM `users` LIMIT 1

2023/10/17 16:30:06 D:/MyProject/go_react_test/gin_api2/bootstrap/db.go:63
[0.564ms] [rows:-] SELECT column_name, column_default, is_nullable = 'YES', data_type, character_maximum_length, column_type, column_key, extra, column_comment, numeric_precision, numeric_scale FROM information_schema.columns WHERE table_schema = 'gin_react' AND table_name = 'users' ORDER BY ORDINAL_POSITION

2023/10/17 16:30:06 D:/MyProject/go_react_test/gin_api2/bootstrap/db.go:63
[0.000ms] [rows:-] SELECT DATABASE()

2023/10/17 16:30:06 D:/MyProject/go_react_test/gin_api2/bootstrap/db.go:63
[0.592ms] [rows:1] SELECT SCHEMA_NAME from Information_schema.SCHEMATA where SCHEMA_NAME LIKE 'gin_react%' ORDER BY SCHEMA_NAME='gin_react' DESC,SCHEMA_NAME limit 1

2023/10/17 16:30:06 D:/MyProject/go_react_test/gin_api2/bootstrap/db.go:63
[0.000ms] [rows:-] SELECT count(*) FROM information_schema.statistics WHERE table_schema = 'gin_react' AND table_name = 'users' AND index_name = 'idx_users_deleted_at'

2023/10/17 16:30:06 D:/MyProject/go_react_test/gin_api2/bootstrap/db.go:63
[0.000ms] [rows:-] SELECT DATABASE()

2023/10/17 16:30:06 D:/MyProject/go_react_test/gin_api2/bootstrap/db.go:63
[0.571ms] [rows:1] SELECT SCHEMA_NAME from Information_schema.SCHEMATA where SCHEMA_NAME LIKE 'gin_react%' ORDER BY SCHEMA_NAME='gin_react' DESC,SCHEMA_NAME limit 1

2023/10/17 16:30:06 D:/MyProject/go_react_test/gin_api2/bootstrap/db.go:63
[0.000ms] [rows:-] SELECT count(*) FROM information_schema.statistics WHERE table_schema = 'gin_react' AND table_name = 'users' AND index_name = 'idx_users_mobile'

2023/10/17 16:30:06 D:/MyProject/go_react_test/gin_api2/bootstrap/db.go:63
[0.000ms] [rows:-] SELECT DATABASE()

2023/10/17 16:30:06 D:/MyProject/go_react_test/gin_api2/bootstrap/db.go:63
[0.000ms] [rows:1] SELECT SCHEMA_NAME from Information_schema.SCHEMATA where SCHEMA_NAME LIKE 'gin_react%' ORDER BY SCHEMA_NAME='gin_react' DESC,SCHEMA_NAME limit 1

2023/10/17 16:30:06 D:/MyProject/go_react_test/gin_api2/bootstrap/db.go:63
[0.503ms] [rows:-] SELECT count(*) FROM information_schema.tables WHERE table_schema = 'gin_react' AND table_name = 'admins' AND table_type = 'BASE TABLE'

2023/10/17 16:30:06 D:/MyProject/go_react_test/gin_api2/bootstrap/db.go:63
[0.000ms] [rows:-] SELECT DATABASE()

2023/10/17 16:30:06 D:/MyProject/go_react_test/gin_api2/bootstrap/db.go:63
[0.000ms] [rows:1] SELECT SCHEMA_NAME from Information_schema.SCHEMATA where SCHEMA_NAME LIKE 'gin_react%' ORDER BY SCHEMA_NAME='gin_react' DESC,SCHEMA_NAME limit 1

2023/10/17 16:30:06 D:/MyProject/go_react_test/gin_api2/bootstrap/db.go:63
[0.504ms] [rows:-] SELECT * FROM `admins` LIMIT 1

2023/10/17 16:30:06 D:/MyProject/go_react_test/gin_api2/bootstrap/db.go:63
[0.504ms] [rows:-] SELECT column_name, column_default, is_nullable = 'YES', data_type, character_maximum_length, column_type, column_key, extra, column_comment, numeric_precision, numeric_scale FROM information_schema.columns WHERE table_schema = 'gin_react' AND table_name = 'admins' ORDER BY ORDINAL_POSITION

2023/10/17 16:30:06 D:/MyProject/go_react_test/gin_api2/bootstrap/db.go:63
[0.000ms] [rows:-] SELECT DATABASE()

2023/10/17 16:30:06 D:/MyProject/go_react_test/gin_api2/bootstrap/db.go:63
[0.000ms] [rows:1] SELECT SCHEMA_NAME from Information_schema.SCHEMATA where SCHEMA_NAME LIKE 'gin_react%' ORDER BY SCHEMA_NAME='gin_react' DESC,SCHEMA_NAME limit 1

2023/10/17 16:30:06 D:/MyProject/go_react_test/gin_api2/bootstrap/db.go:63
[0.503ms] [rows:-] SELECT count(*) FROM information_schema.statistics WHERE table_schema = 'gin_react' AND table_name = 'admins' AND index_name = 'idx_admins_deleted_at'

2023/10/17 16:30:06 D:/MyProject/go_react_test/gin_api2/bootstrap/db.go:63
[0.000ms] [rows:-] SELECT DATABASE()

2023/10/17 16:30:06 D:/MyProject/go_react_test/gin_api2/bootstrap/db.go:63
[0.000ms] [rows:1] SELECT SCHEMA_NAME from Information_schema.SCHEMATA where SCHEMA_NAME LIKE 'gin_react%' ORDER BY SCHEMA_NAME='gin_react' DESC,SCHEMA_NAME limit 1

2023/10/17 16:30:06 D:/MyProject/go_react_test/gin_api2/bootstrap/db.go:63
[0.000ms] [rows:-] SELECT count(*) FROM information_schema.statistics WHERE table_schema = 'gin_react' AND table_name = 'admins' AND index_name = 'idx_admins_mobile'

2023/10/17 16:31:08 D:/MyProject/go_react_test/gin_api2/bootstrap/db.go:63
[0.000ms] [rows:-] SELECT DATABASE()

2023/10/17 16:31:08 D:/MyProject/go_react_test/gin_api2/bootstrap/db.go:63
[0.570ms] [rows:1] SELECT SCHEMA_NAME from Information_schema.SCHEMATA where SCHEMA_NAME LIKE 'gin_react%' ORDER BY SCHEMA_NAME='gin_react' DESC,SCHEMA_NAME limit 1

2023/10/17 16:31:08 D:/MyProject/go_react_test/gin_api2/bootstrap/db.go:63
[0.000ms] [rows:-] SELECT count(*) FROM information_schema.tables WHERE table_schema = 'gin_react' AND table_name = 'users' AND table_type = 'BASE TABLE'

2023/10/17 16:31:08 D:/MyProject/go_react_test/gin_api2/bootstrap/db.go:63
[0.000ms] [rows:-] SELECT DATABASE()

2023/10/17 16:31:08 D:/MyProject/go_react_test/gin_api2/bootstrap/db.go:63
[0.503ms] [rows:1] SELECT SCHEMA_NAME from Information_schema.SCHEMATA where SCHEMA_NAME LIKE 'gin_react%' ORDER BY SCHEMA_NAME='gin_react' DESC,SCHEMA_NAME limit 1

2023/10/17 16:31:08 D:/MyProject/go_react_test/gin_api2/bootstrap/db.go:63
[1.036ms] [rows:-] SELECT * FROM `users` LIMIT 1

2023/10/17 16:31:08 D:/MyProject/go_react_test/gin_api2/bootstrap/db.go:63
[0.000ms] [rows:-] SELECT column_name, column_default, is_nullable = 'YES', data_type, character_maximum_length, column_type, column_key, extra, column_comment, numeric_precision, numeric_scale FROM information_schema.columns WHERE table_schema = 'gin_react' AND table_name = 'users' ORDER BY ORDINAL_POSITION

2023/10/17 16:31:08 D:/MyProject/go_react_test/gin_api2/bootstrap/db.go:63
[0.000ms] [rows:-] SELECT DATABASE()

2023/10/17 16:31:08 D:/MyProject/go_react_test/gin_api2/bootstrap/db.go:63
[0.000ms] [rows:1] SELECT SCHEMA_NAME from Information_schema.SCHEMATA where SCHEMA_NAME LIKE 'gin_react%' ORDER BY SCHEMA_NAME='gin_react' DESC,SCHEMA_NAME limit 1

2023/10/17 16:31:08 D:/MyProject/go_react_test/gin_api2/bootstrap/db.go:63
[0.564ms] [rows:-] SELECT count(*) FROM information_schema.statistics WHERE table_schema = 'gin_react' AND table_name = 'users' AND index_name = 'idx_users_mobile'

2023/10/17 16:31:08 D:/MyProject/go_react_test/gin_api2/bootstrap/db.go:63
[0.000ms] [rows:-] SELECT DATABASE()

2023/10/17 16:31:08 D:/MyProject/go_react_test/gin_api2/bootstrap/db.go:63
[0.000ms] [rows:1] SELECT SCHEMA_NAME from Information_schema.SCHEMATA where SCHEMA_NAME LIKE 'gin_react%' ORDER BY SCHEMA_NAME='gin_react' DESC,SCHEMA_NAME limit 1

2023/10/17 16:31:08 D:/MyProject/go_react_test/gin_api2/bootstrap/db.go:63
[0.503ms] [rows:-] SELECT count(*) FROM information_schema.statistics WHERE table_schema = 'gin_react' AND table_name = 'users' AND index_name = 'idx_users_deleted_at'

2023/10/17 16:31:08 D:/MyProject/go_react_test/gin_api2/bootstrap/db.go:63
[0.000ms] [rows:-] SELECT DATABASE()

2023/10/17 16:31:08 D:/MyProject/go_react_test/gin_api2/bootstrap/db.go:63
[0.000ms] [rows:1] SELECT SCHEMA_NAME from Information_schema.SCHEMATA where SCHEMA_NAME LIKE 'gin_react%' ORDER BY SCHEMA_NAME='gin_react' DESC,SCHEMA_NAME limit 1

2023/10/17 16:31:08 D:/MyProject/go_react_test/gin_api2/bootstrap/db.go:63
[0.000ms] [rows:-] SELECT count(*) FROM information_schema.tables WHERE table_schema = 'gin_react' AND table_name = 'admins' AND table_type = 'BASE TABLE'

2023/10/17 16:31:08 D:/MyProject/go_react_test/gin_api2/bootstrap/db.go:63
[0.503ms] [rows:-] SELECT DATABASE()

2023/10/17 16:31:08 D:/MyProject/go_react_test/gin_api2/bootstrap/db.go:63
[0.000ms] [rows:1] SELECT SCHEMA_NAME from Information_schema.SCHEMATA where SCHEMA_NAME LIKE 'gin_react%' ORDER BY SCHEMA_NAME='gin_react' DESC,SCHEMA_NAME limit 1

2023/10/17 16:31:08 D:/MyProject/go_react_test/gin_api2/bootstrap/db.go:63
[0.000ms] [rows:-] SELECT * FROM `admins` LIMIT 1

2023/10/17 16:31:08 D:/MyProject/go_react_test/gin_api2/bootstrap/db.go:63
[0.590ms] [rows:-] SELECT column_name, column_default, is_nullable = 'YES', data_type, character_maximum_length, column_type, column_key, extra, column_comment, numeric_precision, numeric_scale FROM information_schema.columns WHERE table_schema = 'gin_react' AND table_name = 'admins' ORDER BY ORDINAL_POSITION

2023/10/17 16:31:08 D:/MyProject/go_react_test/gin_api2/bootstrap/db.go:63
[0.000ms] [rows:-] SELECT DATABASE()

2023/10/17 16:31:08 D:/MyProject/go_react_test/gin_api2/bootstrap/db.go:63
[0.582ms] [rows:1] SELECT SCHEMA_NAME from Information_schema.SCHEMATA where SCHEMA_NAME LIKE 'gin_react%' ORDER BY SCHEMA_NAME='gin_react' DESC,SCHEMA_NAME limit 1

2023/10/17 16:31:08 D:/MyProject/go_react_test/gin_api2/bootstrap/db.go:63
[0.000ms] [rows:-] SELECT count(*) FROM information_schema.statistics WHERE table_schema = 'gin_react' AND table_name = 'admins' AND index_name = 'idx_admins_mobile'

2023/10/17 16:31:08 D:/MyProject/go_react_test/gin_api2/bootstrap/db.go:63
[0.000ms] [rows:-] SELECT DATABASE()

2023/10/17 16:31:08 D:/MyProject/go_react_test/gin_api2/bootstrap/db.go:63
[0.000ms] [rows:1] SELECT SCHEMA_NAME from Information_schema.SCHEMATA where SCHEMA_NAME LIKE 'gin_react%' ORDER BY SCHEMA_NAME='gin_react' DESC,SCHEMA_NAME limit 1

2023/10/17 16:31:08 D:/MyProject/go_react_test/gin_api2/bootstrap/db.go:63
[0.503ms] [rows:-] SELECT count(*) FROM information_schema.statistics WHERE table_schema = 'gin_react' AND table_name = 'admins' AND index_name = 'idx_admins_deleted_at'

2023/10/17 16:41:03 D:/MyProject/go_react_test/gin_api2/bootstrap/db.go:63
[0.000ms] [rows:-] SELECT DATABASE()

2023/10/17 16:41:03 D:/MyProject/go_react_test/gin_api2/bootstrap/db.go:63
[1.137ms] [rows:1] SELECT SCHEMA_NAME from Information_schema.SCHEMATA where SCHEMA_NAME LIKE 'gin_react%' ORDER BY SCHEMA_NAME='gin_react' DESC,SCHEMA_NAME limit 1

2023/10/17 16:41:03 D:/MyProject/go_react_test/gin_api2/bootstrap/db.go:63
[0.000ms] [rows:-] SELECT count(*) FROM information_schema.tables WHERE table_schema = 'gin_react' AND table_name = 'users' AND table_type = 'BASE TABLE'

2023/10/17 16:41:03 D:/MyProject/go_react_test/gin_api2/bootstrap/db.go:63
[0.000ms] [rows:-] SELECT DATABASE()

2023/10/17 16:41:03 D:/MyProject/go_react_test/gin_api2/bootstrap/db.go:63
[0.504ms] [rows:1] SELECT SCHEMA_NAME from Information_schema.SCHEMATA where SCHEMA_NAME LIKE 'gin_react%' ORDER BY SCHEMA_NAME='gin_react' DESC,SCHEMA_NAME limit 1

2023/10/17 16:41:03 D:/MyProject/go_react_test/gin_api2/bootstrap/db.go:63
[0.000ms] [rows:-] SELECT * FROM `users` LIMIT 1

2023/10/17 16:41:03 D:/MyProject/go_react_test/gin_api2/bootstrap/db.go:63
[0.516ms] [rows:-] SELECT column_name, column_default, is_nullable = 'YES', data_type, character_maximum_length, column_type, column_key, extra, column_comment, numeric_precision, numeric_scale FROM information_schema.columns WHERE table_schema = 'gin_react' AND table_name = 'users' ORDER BY ORDINAL_POSITION

2023/10/17 16:41:03 D:/MyProject/go_react_test/gin_api2/bootstrap/db.go:63
[0.510ms] [rows:-] SELECT DATABASE()

2023/10/17 16:41:03 D:/MyProject/go_react_test/gin_api2/bootstrap/db.go:63
[0.129ms] [rows:1] SELECT SCHEMA_NAME from Information_schema.SCHEMATA where SCHEMA_NAME LIKE 'gin_react%' ORDER BY SCHEMA_NAME='gin_react' DESC,SCHEMA_NAME limit 1

2023/10/17 16:41:03 D:/MyProject/go_react_test/gin_api2/bootstrap/db.go:63
[0.000ms] [rows:-] SELECT count(*) FROM information_schema.statistics WHERE table_schema = 'gin_react' AND table_name = 'users' AND index_name = 'idx_users_mobile'

2023/10/17 16:41:03 D:/MyProject/go_react_test/gin_api2/bootstrap/db.go:63
[0.000ms] [rows:-] SELECT DATABASE()

2023/10/17 16:41:03 D:/MyProject/go_react_test/gin_api2/bootstrap/db.go:63
[0.598ms] [rows:1] SELECT SCHEMA_NAME from Information_schema.SCHEMATA where SCHEMA_NAME LIKE 'gin_react%' ORDER BY SCHEMA_NAME='gin_react' DESC,SCHEMA_NAME limit 1

2023/10/17 16:41:03 D:/MyProject/go_react_test/gin_api2/bootstrap/db.go:63
[0.000ms] [rows:-] SELECT count(*) FROM information_schema.statistics WHERE table_schema = 'gin_react' AND table_name = 'users' AND index_name = 'idx_users_deleted_at'

2023/10/17 16:41:03 D:/MyProject/go_react_test/gin_api2/bootstrap/db.go:63
[0.000ms] [rows:-] SELECT DATABASE()

2023/10/17 16:41:03 D:/MyProject/go_react_test/gin_api2/bootstrap/db.go:63
[0.000ms] [rows:1] SELECT SCHEMA_NAME from Information_schema.SCHEMATA where SCHEMA_NAME LIKE 'gin_react%' ORDER BY SCHEMA_NAME='gin_react' DESC,SCHEMA_NAME limit 1

2023/10/17 16:41:03 D:/MyProject/go_react_test/gin_api2/bootstrap/db.go:63
[0.590ms] [rows:-] SELECT count(*) FROM information_schema.tables WHERE table_schema = 'gin_react' AND table_name = 'admins' AND table_type = 'BASE TABLE'

2023/10/17 16:41:03 D:/MyProject/go_react_test/gin_api2/bootstrap/db.go:63
[0.000ms] [rows:-] SELECT DATABASE()

2023/10/17 16:41:03 D:/MyProject/go_react_test/gin_api2/bootstrap/db.go:63
[0.000ms] [rows:1] SELECT SCHEMA_NAME from Information_schema.SCHEMATA where SCHEMA_NAME LIKE 'gin_react%' ORDER BY SCHEMA_NAME='gin_react' DESC,SCHEMA_NAME limit 1

2023/10/17 16:41:03 D:/MyProject/go_react_test/gin_api2/bootstrap/db.go:63
[0.503ms] [rows:-] SELECT * FROM `admins` LIMIT 1

2023/10/17 16:41:03 D:/MyProject/go_react_test/gin_api2/bootstrap/db.go:63
[0.000ms] [rows:-] SELECT column_name, column_default, is_nullable = 'YES', data_type, character_maximum_length, column_type, column_key, extra, column_comment, numeric_precision, numeric_scale FROM information_schema.columns WHERE table_schema = 'gin_react' AND table_name = 'admins' ORDER BY ORDINAL_POSITION

2023/10/17 16:41:03 D:/MyProject/go_react_test/gin_api2/bootstrap/db.go:63
[0.000ms] [rows:-] SELECT DATABASE()

2023/10/17 16:41:03 D:/MyProject/go_react_test/gin_api2/bootstrap/db.go:63
[0.000ms] [rows:1] SELECT SCHEMA_NAME from Information_schema.SCHEMATA where SCHEMA_NAME LIKE 'gin_react%' ORDER BY SCHEMA_NAME='gin_react' DESC,SCHEMA_NAME limit 1

2023/10/17 16:41:03 D:/MyProject/go_react_test/gin_api2/bootstrap/db.go:63
[0.504ms] [rows:-] SELECT count(*) FROM information_schema.statistics WHERE table_schema = 'gin_react' AND table_name = 'admins' AND index_name = 'idx_admins_mobile'

2023/10/17 16:41:03 D:/MyProject/go_react_test/gin_api2/bootstrap/db.go:63
[0.153ms] [rows:-] SELECT DATABASE()

2023/10/17 16:41:03 D:/MyProject/go_react_test/gin_api2/bootstrap/db.go:63
[0.000ms] [rows:1] SELECT SCHEMA_NAME from Information_schema.SCHEMATA where SCHEMA_NAME LIKE 'gin_react%' ORDER BY SCHEMA_NAME='gin_react' DESC,SCHEMA_NAME limit 1

2023/10/17 16:41:03 D:/MyProject/go_react_test/gin_api2/bootstrap/db.go:63
[0.000ms] [rows:-] SELECT count(*) FROM information_schema.statistics WHERE table_schema = 'gin_react' AND table_name = 'admins' AND index_name = 'idx_admins_deleted_at'

2023/10/17 16:43:33 D:/MyProject/go_react_test/gin_api2/bootstrap/db.go:63
[0.000ms] [rows:-] SELECT DATABASE()

2023/10/17 16:43:33 D:/MyProject/go_react_test/gin_api2/bootstrap/db.go:63
[0.000ms] [rows:1] SELECT SCHEMA_NAME from Information_schema.SCHEMATA where SCHEMA_NAME LIKE 'gin_react%' ORDER BY SCHEMA_NAME='gin_react' DESC,SCHEMA_NAME limit 1

2023/10/17 16:43:33 D:/MyProject/go_react_test/gin_api2/bootstrap/db.go:63
[0.548ms] [rows:-] SELECT count(*) FROM information_schema.tables WHERE table_schema = 'gin_react' AND table_name = 'users' AND table_type = 'BASE TABLE'

2023/10/17 16:43:33 D:/MyProject/go_react_test/gin_api2/bootstrap/db.go:63
[0.000ms] [rows:-] SELECT DATABASE()

2023/10/17 16:43:33 D:/MyProject/go_react_test/gin_api2/bootstrap/db.go:63
[0.000ms] [rows:1] SELECT SCHEMA_NAME from Information_schema.SCHEMATA where SCHEMA_NAME LIKE 'gin_react%' ORDER BY SCHEMA_NAME='gin_react' DESC,SCHEMA_NAME limit 1

2023/10/17 16:43:33 D:/MyProject/go_react_test/gin_api2/bootstrap/db.go:63
[0.694ms] [rows:-] SELECT * FROM `users` LIMIT 1

2023/10/17 16:43:33 D:/MyProject/go_react_test/gin_api2/bootstrap/db.go:63
[0.000ms] [rows:-] SELECT column_name, column_default, is_nullable = 'YES', data_type, character_maximum_length, column_type, column_key, extra, column_comment, numeric_precision, numeric_scale FROM information_schema.columns WHERE table_schema = 'gin_react' AND table_name = 'users' ORDER BY ORDINAL_POSITION

2023/10/17 16:43:33 D:/MyProject/go_react_test/gin_api2/bootstrap/db.go:63
[0.000ms] [rows:-] SELECT DATABASE()

2023/10/17 16:43:33 D:/MyProject/go_react_test/gin_api2/bootstrap/db.go:63
[0.000ms] [rows:1] SELECT SCHEMA_NAME from Information_schema.SCHEMATA where SCHEMA_NAME LIKE 'gin_react%' ORDER BY SCHEMA_NAME='gin_react' DESC,SCHEMA_NAME limit 1

2023/10/17 16:43:33 D:/MyProject/go_react_test/gin_api2/bootstrap/db.go:63
[0.541ms] [rows:-] SELECT count(*) FROM information_schema.statistics WHERE table_schema = 'gin_react' AND table_name = 'users' AND index_name = 'idx_users_mobile'

2023/10/17 16:43:33 D:/MyProject/go_react_test/gin_api2/bootstrap/db.go:63
[0.000ms] [rows:-] SELECT DATABASE()

2023/10/17 16:43:33 D:/MyProject/go_react_test/gin_api2/bootstrap/db.go:63
[0.000ms] [rows:1] SELECT SCHEMA_NAME from Information_schema.SCHEMATA where SCHEMA_NAME LIKE 'gin_react%' ORDER BY SCHEMA_NAME='gin_react' DESC,SCHEMA_NAME limit 1

2023/10/17 16:43:33 D:/MyProject/go_react_test/gin_api2/bootstrap/db.go:63
[0.000ms] [rows:-] SELECT count(*) FROM information_schema.statistics WHERE table_schema = 'gin_react' AND table_name = 'users' AND index_name = 'idx_users_deleted_at'

2023/10/17 16:43:33 D:/MyProject/go_react_test/gin_api2/bootstrap/db.go:63
[0.000ms] [rows:-] SELECT DATABASE()

2023/10/17 16:43:33 D:/MyProject/go_react_test/gin_api2/bootstrap/db.go:63
[0.654ms] [rows:1] SELECT SCHEMA_NAME from Information_schema.SCHEMATA where SCHEMA_NAME LIKE 'gin_react%' ORDER BY SCHEMA_NAME='gin_react' DESC,SCHEMA_NAME limit 1

2023/10/17 16:43:33 D:/MyProject/go_react_test/gin_api2/bootstrap/db.go:63
[0.000ms] [rows:-] SELECT count(*) FROM information_schema.tables WHERE table_schema = 'gin_react' AND table_name = 'admins' AND table_type = 'BASE TABLE'

2023/10/17 16:43:33 D:/MyProject/go_react_test/gin_api2/bootstrap/db.go:63
[0.000ms] [rows:-] SELECT DATABASE()

2023/10/17 16:43:33 D:/MyProject/go_react_test/gin_api2/bootstrap/db.go:63
[0.000ms] [rows:1] SELECT SCHEMA_NAME from Information_schema.SCHEMATA where SCHEMA_NAME LIKE 'gin_react%' ORDER BY SCHEMA_NAME='gin_react' DESC,SCHEMA_NAME limit 1

2023/10/17 16:43:33 D:/MyProject/go_react_test/gin_api2/bootstrap/db.go:63
[0.941ms] [rows:-] SELECT * FROM `admins` LIMIT 1

2023/10/17 16:43:33 D:/MyProject/go_react_test/gin_api2/bootstrap/db.go:63
[0.000ms] [rows:-] SELECT column_name, column_default, is_nullable = 'YES', data_type, character_maximum_length, column_type, column_key, extra, column_comment, numeric_precision, numeric_scale FROM information_schema.columns WHERE table_schema = 'gin_react' AND table_name = 'admins' ORDER BY ORDINAL_POSITION

2023/10/17 16:43:33 D:/MyProject/go_react_test/gin_api2/bootstrap/db.go:63
[0.000ms] [rows:-] SELECT DATABASE()

2023/10/17 16:43:33 D:/MyProject/go_react_test/gin_api2/bootstrap/db.go:63
[0.505ms] [rows:1] SELECT SCHEMA_NAME from Information_schema.SCHEMATA where SCHEMA_NAME LIKE 'gin_react%' ORDER BY SCHEMA_NAME='gin_react' DESC,SCHEMA_NAME limit 1

2023/10/17 16:43:33 D:/MyProject/go_react_test/gin_api2/bootstrap/db.go:63
[0.000ms] [rows:-] SELECT count(*) FROM information_schema.statistics WHERE table_schema = 'gin_react' AND table_name = 'admins' AND index_name = 'idx_admins_deleted_at'

2023/10/17 16:43:33 D:/MyProject/go_react_test/gin_api2/bootstrap/db.go:63
[0.512ms] [rows:-] SELECT DATABASE()

2023/10/17 16:43:33 D:/MyProject/go_react_test/gin_api2/bootstrap/db.go:63
[0.503ms] [rows:1] SELECT SCHEMA_NAME from Information_schema.SCHEMATA where SCHEMA_NAME LIKE 'gin_react%' ORDER BY SCHEMA_NAME='gin_react' DESC,SCHEMA_NAME limit 1

2023/10/17 16:43:33 D:/MyProject/go_react_test/gin_api2/bootstrap/db.go:63
[0.000ms] [rows:-] SELECT count(*) FROM information_schema.statistics WHERE table_schema = 'gin_react' AND table_name = 'admins' AND index_name = 'idx_admins_mobile'

2023/10/17 16:47:07 D:/MyProject/go_react_test/gin_api2/bootstrap/db.go:63
[0.000ms] [rows:-] SELECT DATABASE()

2023/10/17 16:47:07 D:/MyProject/go_react_test/gin_api2/bootstrap/db.go:63
[0.522ms] [rows:1] SELECT SCHEMA_NAME from Information_schema.SCHEMATA where SCHEMA_NAME LIKE 'gin_react%' ORDER BY SCHEMA_NAME='gin_react' DESC,SCHEMA_NAME limit 1

2023/10/17 16:47:07 D:/MyProject/go_react_test/gin_api2/bootstrap/db.go:63
[0.000ms] [rows:-] SELECT count(*) FROM information_schema.tables WHERE table_schema = 'gin_react' AND table_name = 'users' AND table_type = 'BASE TABLE'

2023/10/17 16:47:07 D:/MyProject/go_react_test/gin_api2/bootstrap/db.go:63
[0.000ms] [rows:-] SELECT DATABASE()

2023/10/17 16:47:07 D:/MyProject/go_react_test/gin_api2/bootstrap/db.go:63
[0.607ms] [rows:1] SELECT SCHEMA_NAME from Information_schema.SCHEMATA where SCHEMA_NAME LIKE 'gin_react%' ORDER BY SCHEMA_NAME='gin_react' DESC,SCHEMA_NAME limit 1

2023/10/17 16:47:07 D:/MyProject/go_react_test/gin_api2/bootstrap/db.go:63
[0.522ms] [rows:-] SELECT * FROM `users` LIMIT 1

2023/10/17 16:47:07 D:/MyProject/go_react_test/gin_api2/bootstrap/db.go:63
[0.516ms] [rows:-] SELECT column_name, column_default, is_nullable = 'YES', data_type, character_maximum_length, column_type, column_key, extra, column_comment, numeric_precision, numeric_scale FROM information_schema.columns WHERE table_schema = 'gin_react' AND table_name = 'users' ORDER BY ORDINAL_POSITION

2023/10/17 16:47:07 D:/MyProject/go_react_test/gin_api2/bootstrap/db.go:63
[0.000ms] [rows:-] SELECT DATABASE()

2023/10/17 16:47:07 D:/MyProject/go_react_test/gin_api2/bootstrap/db.go:63
[0.000ms] [rows:1] SELECT SCHEMA_NAME from Information_schema.SCHEMATA where SCHEMA_NAME LIKE 'gin_react%' ORDER BY SCHEMA_NAME='gin_react' DESC,SCHEMA_NAME limit 1

2023/10/17 16:47:07 D:/MyProject/go_react_test/gin_api2/bootstrap/db.go:63
[0.525ms] [rows:-] SELECT count(*) FROM information_schema.statistics WHERE table_schema = 'gin_react' AND table_name = 'users' AND index_name = 'idx_users_mobile'

2023/10/17 16:47:07 D:/MyProject/go_react_test/gin_api2/bootstrap/db.go:63
[0.000ms] [rows:-] SELECT DATABASE()

2023/10/17 16:47:07 D:/MyProject/go_react_test/gin_api2/bootstrap/db.go:63
[0.000ms] [rows:1] SELECT SCHEMA_NAME from Information_schema.SCHEMATA where SCHEMA_NAME LIKE 'gin_react%' ORDER BY SCHEMA_NAME='gin_react' DESC,SCHEMA_NAME limit 1

2023/10/17 16:47:07 D:/MyProject/go_react_test/gin_api2/bootstrap/db.go:63
[0.556ms] [rows:-] SELECT count(*) FROM information_schema.statistics WHERE table_schema = 'gin_react' AND table_name = 'users' AND index_name = 'idx_users_deleted_at'

2023/10/17 16:47:07 D:/MyProject/go_react_test/gin_api2/bootstrap/db.go:63
[0.000ms] [rows:-] SELECT DATABASE()

2023/10/17 16:47:07 D:/MyProject/go_react_test/gin_api2/bootstrap/db.go:63
[0.000ms] [rows:1] SELECT SCHEMA_NAME from Information_schema.SCHEMATA where SCHEMA_NAME LIKE 'gin_react%' ORDER BY SCHEMA_NAME='gin_react' DESC,SCHEMA_NAME limit 1

2023/10/17 16:47:07 D:/MyProject/go_react_test/gin_api2/bootstrap/db.go:63
[0.000ms] [rows:-] SELECT count(*) FROM information_schema.tables WHERE table_schema = 'gin_react' AND table_name = 'admins' AND table_type = 'BASE TABLE'

2023/10/17 16:47:07 D:/MyProject/go_react_test/gin_api2/bootstrap/db.go:63
[0.000ms] [rows:-] SELECT DATABASE()

2023/10/17 16:47:07 D:/MyProject/go_react_test/gin_api2/bootstrap/db.go:63
[0.608ms] [rows:1] SELECT SCHEMA_NAME from Information_schema.SCHEMATA where SCHEMA_NAME LIKE 'gin_react%' ORDER BY SCHEMA_NAME='gin_react' DESC,SCHEMA_NAME limit 1

2023/10/17 16:47:07 D:/MyProject/go_react_test/gin_api2/bootstrap/db.go:63
[0.000ms] [rows:-] SELECT * FROM `admins` LIMIT 1

2023/10/17 16:47:07 D:/MyProject/go_react_test/gin_api2/bootstrap/db.go:63
[0.522ms] [rows:-] SELECT column_name, column_default, is_nullable = 'YES', data_type, character_maximum_length, column_type, column_key, extra, column_comment, numeric_precision, numeric_scale FROM information_schema.columns WHERE table_schema = 'gin_react' AND table_name = 'admins' ORDER BY ORDINAL_POSITION

2023/10/17 16:47:07 D:/MyProject/go_react_test/gin_api2/bootstrap/db.go:63
[0.000ms] [rows:-] SELECT DATABASE()

2023/10/17 16:47:07 D:/MyProject/go_react_test/gin_api2/bootstrap/db.go:63
[0.000ms] [rows:1] SELECT SCHEMA_NAME from Information_schema.SCHEMATA where SCHEMA_NAME LIKE 'gin_react%' ORDER BY SCHEMA_NAME='gin_react' DESC,SCHEMA_NAME limit 1

2023/10/17 16:47:07 D:/MyProject/go_react_test/gin_api2/bootstrap/db.go:63
[0.000ms] [rows:-] SELECT count(*) FROM information_schema.statistics WHERE table_schema = 'gin_react' AND table_name = 'admins' AND index_name = 'idx_admins_mobile'

2023/10/17 16:47:07 D:/MyProject/go_react_test/gin_api2/bootstrap/db.go:63
[0.522ms] [rows:-] SELECT DATABASE()

2023/10/17 16:47:07 D:/MyProject/go_react_test/gin_api2/bootstrap/db.go:63
[0.000ms] [rows:1] SELECT SCHEMA_NAME from Information_schema.SCHEMATA where SCHEMA_NAME LIKE 'gin_react%' ORDER BY SCHEMA_NAME='gin_react' DESC,SCHEMA_NAME limit 1

2023/10/17 16:47:07 D:/MyProject/go_react_test/gin_api2/bootstrap/db.go:63
[0.000ms] [rows:-] SELECT count(*) FROM information_schema.statistics WHERE table_schema = 'gin_react' AND table_name = 'admins' AND index_name = 'idx_admins_deleted_at'

2023/10/17 16:51:59 D:/MyProject/go_react_test/gin_api2/bootstrap/db.go:63
[0.000ms] [rows:-] SELECT DATABASE()

2023/10/17 16:51:59 D:/MyProject/go_react_test/gin_api2/bootstrap/db.go:63
[0.114ms] [rows:1] SELECT SCHEMA_NAME from Information_schema.SCHEMATA where SCHEMA_NAME LIKE 'gin_react%' ORDER BY SCHEMA_NAME='gin_react' DESC,SCHEMA_NAME limit 1

2023/10/17 16:51:59 D:/MyProject/go_react_test/gin_api2/bootstrap/db.go:63
[0.000ms] [rows:-] SELECT count(*) FROM information_schema.tables WHERE table_schema = 'gin_react' AND table_name = 'users' AND table_type = 'BASE TABLE'

2023/10/17 16:51:59 D:/MyProject/go_react_test/gin_api2/bootstrap/db.go:63
[0.000ms] [rows:-] SELECT DATABASE()

2023/10/17 16:51:59 D:/MyProject/go_react_test/gin_api2/bootstrap/db.go:63
[0.000ms] [rows:1] SELECT SCHEMA_NAME from Information_schema.SCHEMATA where SCHEMA_NAME LIKE 'gin_react%' ORDER BY SCHEMA_NAME='gin_react' DESC,SCHEMA_NAME limit 1

2023/10/17 16:51:59 D:/MyProject/go_react_test/gin_api2/bootstrap/db.go:63
[0.552ms] [rows:-] SELECT * FROM `users` LIMIT 1

2023/10/17 16:51:59 D:/MyProject/go_react_test/gin_api2/bootstrap/db.go:63
[0.000ms] [rows:-] SELECT column_name, column_default, is_nullable = 'YES', data_type, character_maximum_length, column_type, column_key, extra, column_comment, numeric_precision, numeric_scale FROM information_schema.columns WHERE table_schema = 'gin_react' AND table_name = 'users' ORDER BY ORDINAL_POSITION

2023/10/17 16:51:59 D:/MyProject/go_react_test/gin_api2/bootstrap/db.go:63
[0.000ms] [rows:-] SELECT DATABASE()

2023/10/17 16:51:59 D:/MyProject/go_react_test/gin_api2/bootstrap/db.go:63
[0.000ms] [rows:1] SELECT SCHEMA_NAME from Information_schema.SCHEMATA where SCHEMA_NAME LIKE 'gin_react%' ORDER BY SCHEMA_NAME='gin_react' DESC,SCHEMA_NAME limit 1

2023/10/17 16:51:59 D:/MyProject/go_react_test/gin_api2/bootstrap/db.go:63
[0.000ms] [rows:-] SELECT count(*) FROM information_schema.statistics WHERE table_schema = 'gin_react' AND table_name = 'users' AND index_name = 'idx_users_mobile'

2023/10/17 16:51:59 D:/MyProject/go_react_test/gin_api2/bootstrap/db.go:63
[0.527ms] [rows:-] SELECT DATABASE()

2023/10/17 16:51:59 D:/MyProject/go_react_test/gin_api2/bootstrap/db.go:63
[0.000ms] [rows:1] SELECT SCHEMA_NAME from Information_schema.SCHEMATA where SCHEMA_NAME LIKE 'gin_react%' ORDER BY SCHEMA_NAME='gin_react' DESC,SCHEMA_NAME limit 1

2023/10/17 16:51:59 D:/MyProject/go_react_test/gin_api2/bootstrap/db.go:63
[0.000ms] [rows:-] SELECT count(*) FROM information_schema.statistics WHERE table_schema = 'gin_react' AND table_name = 'users' AND index_name = 'idx_users_deleted_at'

2023/10/17 16:51:59 D:/MyProject/go_react_test/gin_api2/bootstrap/db.go:63
[0.550ms] [rows:-] SELECT DATABASE()

2023/10/17 16:51:59 D:/MyProject/go_react_test/gin_api2/bootstrap/db.go:63
[0.000ms] [rows:1] SELECT SCHEMA_NAME from Information_schema.SCHEMATA where SCHEMA_NAME LIKE 'gin_react%' ORDER BY SCHEMA_NAME='gin_react' DESC,SCHEMA_NAME limit 1

2023/10/17 16:51:59 D:/MyProject/go_react_test/gin_api2/bootstrap/db.go:63
[0.000ms] [rows:-] SELECT count(*) FROM information_schema.tables WHERE table_schema = 'gin_react' AND table_name = 'admins' AND table_type = 'BASE TABLE'

2023/10/17 16:51:59 D:/MyProject/go_react_test/gin_api2/bootstrap/db.go:63
[0.000ms] [rows:-] SELECT DATABASE()

2023/10/17 16:51:59 D:/MyProject/go_react_test/gin_api2/bootstrap/db.go:63
[0.620ms] [rows:1] SELECT SCHEMA_NAME from Information_schema.SCHEMATA where SCHEMA_NAME LIKE 'gin_react%' ORDER BY SCHEMA_NAME='gin_react' DESC,SCHEMA_NAME limit 1

2023/10/17 16:51:59 D:/MyProject/go_react_test/gin_api2/bootstrap/db.go:63
[0.000ms] [rows:-] SELECT * FROM `admins` LIMIT 1

2023/10/17 16:51:59 D:/MyProject/go_react_test/gin_api2/bootstrap/db.go:63
[0.503ms] [rows:-] SELECT column_name, column_default, is_nullable = 'YES', data_type, character_maximum_length, column_type, column_key, extra, column_comment, numeric_precision, numeric_scale FROM information_schema.columns WHERE table_schema = 'gin_react' AND table_name = 'admins' ORDER BY ORDINAL_POSITION

2023/10/17 16:51:59 D:/MyProject/go_react_test/gin_api2/bootstrap/db.go:63
[0.000ms] [rows:-] SELECT DATABASE()

2023/10/17 16:51:59 D:/MyProject/go_react_test/gin_api2/bootstrap/db.go:63
[0.000ms] [rows:1] SELECT SCHEMA_NAME from Information_schema.SCHEMATA where SCHEMA_NAME LIKE 'gin_react%' ORDER BY SCHEMA_NAME='gin_react' DESC,SCHEMA_NAME limit 1

2023/10/17 16:51:59 D:/MyProject/go_react_test/gin_api2/bootstrap/db.go:63
[0.000ms] [rows:-] SELECT count(*) FROM information_schema.statistics WHERE table_schema = 'gin_react' AND table_name = 'admins' AND index_name = 'idx_admins_mobile'

2023/10/17 16:51:59 D:/MyProject/go_react_test/gin_api2/bootstrap/db.go:63
[0.000ms] [rows:-] SELECT DATABASE()

2023/10/17 16:51:59 D:/MyProject/go_react_test/gin_api2/bootstrap/db.go:63
[0.667ms] [rows:1] SELECT SCHEMA_NAME from Information_schema.SCHEMATA where SCHEMA_NAME LIKE 'gin_react%' ORDER BY SCHEMA_NAME='gin_react' DESC,SCHEMA_NAME limit 1

2023/10/17 16:51:59 D:/MyProject/go_react_test/gin_api2/bootstrap/db.go:63
[0.000ms] [rows:-] SELECT count(*) FROM information_schema.statistics WHERE table_schema = 'gin_react' AND table_name = 'admins' AND index_name = 'idx_admins_deleted_at'

2023/10/17 16:53:20 D:/MyProject/go_react_test/gin_api2/bootstrap/db.go:63
[0.000ms] [rows:-] SELECT DATABASE()

2023/10/17 16:53:20 D:/MyProject/go_react_test/gin_api2/bootstrap/db.go:63
[0.122ms] [rows:1] SELECT SCHEMA_NAME from Information_schema.SCHEMATA where SCHEMA_NAME LIKE 'gin_react%' ORDER BY SCHEMA_NAME='gin_react' DESC,SCHEMA_NAME limit 1

2023/10/17 16:53:20 D:/MyProject/go_react_test/gin_api2/bootstrap/db.go:63
[0.000ms] [rows:-] SELECT count(*) FROM information_schema.tables WHERE table_schema = 'gin_react' AND table_name = 'users' AND table_type = 'BASE TABLE'

2023/10/17 16:53:20 D:/MyProject/go_react_test/gin_api2/bootstrap/db.go:63
[0.000ms] [rows:-] SELECT DATABASE()

2023/10/17 16:53:20 D:/MyProject/go_react_test/gin_api2/bootstrap/db.go:63
[0.979ms] [rows:1] SELECT SCHEMA_NAME from Information_schema.SCHEMATA where SCHEMA_NAME LIKE 'gin_react%' ORDER BY SCHEMA_NAME='gin_react' DESC,SCHEMA_NAME limit 1

2023/10/17 16:53:20 D:/MyProject/go_react_test/gin_api2/bootstrap/db.go:63
[0.000ms] [rows:-] SELECT * FROM `users` LIMIT 1

2023/10/17 16:53:20 D:/MyProject/go_react_test/gin_api2/bootstrap/db.go:63
[0.512ms] [rows:-] SELECT column_name, column_default, is_nullable = 'YES', data_type, character_maximum_length, column_type, column_key, extra, column_comment, numeric_precision, numeric_scale FROM information_schema.columns WHERE table_schema = 'gin_react' AND table_name = 'users' ORDER BY ORDINAL_POSITION

2023/10/17 16:53:20 D:/MyProject/go_react_test/gin_api2/bootstrap/db.go:63
[0.000ms] [rows:-] SELECT DATABASE()

2023/10/17 16:53:20 D:/MyProject/go_react_test/gin_api2/bootstrap/db.go:63
[0.503ms] [rows:1] SELECT SCHEMA_NAME from Information_schema.SCHEMATA where SCHEMA_NAME LIKE 'gin_react%' ORDER BY SCHEMA_NAME='gin_react' DESC,SCHEMA_NAME limit 1

2023/10/17 16:53:20 D:/MyProject/go_react_test/gin_api2/bootstrap/db.go:63
[0.000ms] [rows:-] SELECT count(*) FROM information_schema.statistics WHERE table_schema = 'gin_react' AND table_name = 'users' AND index_name = 'idx_users_mobile'

2023/10/17 16:53:20 D:/MyProject/go_react_test/gin_api2/bootstrap/db.go:63
[0.000ms] [rows:-] SELECT DATABASE()

2023/10/17 16:53:20 D:/MyProject/go_react_test/gin_api2/bootstrap/db.go:63
[0.553ms] [rows:1] SELECT SCHEMA_NAME from Information_schema.SCHEMATA where SCHEMA_NAME LIKE 'gin_react%' ORDER BY SCHEMA_NAME='gin_react' DESC,SCHEMA_NAME limit 1

2023/10/17 16:53:20 D:/MyProject/go_react_test/gin_api2/bootstrap/db.go:63
[0.000ms] [rows:-] SELECT count(*) FROM information_schema.statistics WHERE table_schema = 'gin_react' AND table_name = 'users' AND index_name = 'idx_users_deleted_at'

2023/10/17 16:53:20 D:/MyProject/go_react_test/gin_api2/bootstrap/db.go:63
[0.000ms] [rows:-] SELECT DATABASE()

2023/10/17 16:53:20 D:/MyProject/go_react_test/gin_api2/bootstrap/db.go:63
[0.649ms] [rows:1] SELECT SCHEMA_NAME from Information_schema.SCHEMATA where SCHEMA_NAME LIKE 'gin_react%' ORDER BY SCHEMA_NAME='gin_react' DESC,SCHEMA_NAME limit 1

2023/10/17 16:53:20 D:/MyProject/go_react_test/gin_api2/bootstrap/db.go:63
[0.000ms] [rows:-] SELECT count(*) FROM information_schema.tables WHERE table_schema = 'gin_react' AND table_name = 'admins' AND table_type = 'BASE TABLE'

2023/10/17 16:53:20 D:/MyProject/go_react_test/gin_api2/bootstrap/db.go:63
[0.000ms] [rows:-] SELECT DATABASE()

2023/10/17 16:53:20 D:/MyProject/go_react_test/gin_api2/bootstrap/db.go:63
[0.000ms] [rows:1] SELECT SCHEMA_NAME from Information_schema.SCHEMATA where SCHEMA_NAME LIKE 'gin_react%' ORDER BY SCHEMA_NAME='gin_react' DESC,SCHEMA_NAME limit 1

2023/10/17 16:53:20 D:/MyProject/go_react_test/gin_api2/bootstrap/db.go:63
[0.503ms] [rows:-] SELECT * FROM `admins` LIMIT 1

2023/10/17 16:53:20 D:/MyProject/go_react_test/gin_api2/bootstrap/db.go:63
[0.270ms] [rows:-] SELECT column_name, column_default, is_nullable = 'YES', data_type, character_maximum_length, column_type, column_key, extra, column_comment, numeric_precision, numeric_scale FROM information_schema.columns WHERE table_schema = 'gin_react' AND table_name = 'admins' ORDER BY ORDINAL_POSITION

2023/10/17 16:53:20 D:/MyProject/go_react_test/gin_api2/bootstrap/db.go:63
[0.000ms] [rows:-] SELECT DATABASE()

2023/10/17 16:53:20 D:/MyProject/go_react_test/gin_api2/bootstrap/db.go:63
[0.000ms] [rows:1] SELECT SCHEMA_NAME from Information_schema.SCHEMATA where SCHEMA_NAME LIKE 'gin_react%' ORDER BY SCHEMA_NAME='gin_react' DESC,SCHEMA_NAME limit 1

2023/10/17 16:53:20 D:/MyProject/go_react_test/gin_api2/bootstrap/db.go:63
[0.503ms] [rows:-] SELECT count(*) FROM information_schema.statistics WHERE table_schema = 'gin_react' AND table_name = 'admins' AND index_name = 'idx_admins_mobile'

2023/10/17 16:53:20 D:/MyProject/go_react_test/gin_api2/bootstrap/db.go:63
[0.145ms] [rows:-] SELECT DATABASE()

2023/10/17 16:53:20 D:/MyProject/go_react_test/gin_api2/bootstrap/db.go:63
[0.000ms] [rows:1] SELECT SCHEMA_NAME from Information_schema.SCHEMATA where SCHEMA_NAME LIKE 'gin_react%' ORDER BY SCHEMA_NAME='gin_react' DESC,SCHEMA_NAME limit 1

2023/10/17 16:53:20 D:/MyProject/go_react_test/gin_api2/bootstrap/db.go:63
[0.000ms] [rows:-] SELECT count(*) FROM information_schema.statistics WHERE table_schema = 'gin_react' AND table_name = 'admins' AND index_name = 'idx_admins_deleted_at'

2023/10/17 16:53:46 D:/MyProject/go_react_test/gin_api2/bootstrap/db.go:63
[0.000ms] [rows:-] SELECT DATABASE()

2023/10/17 16:53:46 D:/MyProject/go_react_test/gin_api2/bootstrap/db.go:63
[0.503ms] [rows:1] SELECT SCHEMA_NAME from Information_schema.SCHEMATA where SCHEMA_NAME LIKE 'gin_react%' ORDER BY SCHEMA_NAME='gin_react' DESC,SCHEMA_NAME limit 1

2023/10/17 16:53:46 D:/MyProject/go_react_test/gin_api2/bootstrap/db.go:63
[0.000ms] [rows:-] SELECT count(*) FROM information_schema.tables WHERE table_schema = 'gin_react' AND table_name = 'users' AND table_type = 'BASE TABLE'

2023/10/17 16:53:46 D:/MyProject/go_react_test/gin_api2/bootstrap/db.go:63
[0.000ms] [rows:-] SELECT DATABASE()

2023/10/17 16:53:46 D:/MyProject/go_react_test/gin_api2/bootstrap/db.go:63
[0.521ms] [rows:1] SELECT SCHEMA_NAME from Information_schema.SCHEMATA where SCHEMA_NAME LIKE 'gin_react%' ORDER BY SCHEMA_NAME='gin_react' DESC,SCHEMA_NAME limit 1

2023/10/17 16:53:46 D:/MyProject/go_react_test/gin_api2/bootstrap/db.go:63
[0.000ms] [rows:-] SELECT * FROM `users` LIMIT 1

2023/10/17 16:53:46 D:/MyProject/go_react_test/gin_api2/bootstrap/db.go:63
[0.515ms] [rows:-] SELECT column_name, column_default, is_nullable = 'YES', data_type, character_maximum_length, column_type, column_key, extra, column_comment, numeric_precision, numeric_scale FROM information_schema.columns WHERE table_schema = 'gin_react' AND table_name = 'users' ORDER BY ORDINAL_POSITION

2023/10/17 16:53:46 D:/MyProject/go_react_test/gin_api2/bootstrap/db.go:63
[0.000ms] [rows:-] SELECT DATABASE()

2023/10/17 16:53:46 D:/MyProject/go_react_test/gin_api2/bootstrap/db.go:63
[0.514ms] [rows:1] SELECT SCHEMA_NAME from Information_schema.SCHEMATA where SCHEMA_NAME LIKE 'gin_react%' ORDER BY SCHEMA_NAME='gin_react' DESC,SCHEMA_NAME limit 1

2023/10/17 16:53:46 D:/MyProject/go_react_test/gin_api2/bootstrap/db.go:63
[0.000ms] [rows:-] SELECT count(*) FROM information_schema.statistics WHERE table_schema = 'gin_react' AND table_name = 'users' AND index_name = 'idx_users_mobile'

2023/10/17 16:53:46 D:/MyProject/go_react_test/gin_api2/bootstrap/db.go:63
[0.000ms] [rows:-] SELECT DATABASE()

2023/10/17 16:53:46 D:/MyProject/go_react_test/gin_api2/bootstrap/db.go:63
[0.511ms] [rows:1] SELECT SCHEMA_NAME from Information_schema.SCHEMATA where SCHEMA_NAME LIKE 'gin_react%' ORDER BY SCHEMA_NAME='gin_react' DESC,SCHEMA_NAME limit 1

2023/10/17 16:53:46 D:/MyProject/go_react_test/gin_api2/bootstrap/db.go:63
[0.000ms] [rows:-] SELECT count(*) FROM information_schema.statistics WHERE table_schema = 'gin_react' AND table_name = 'users' AND index_name = 'idx_users_deleted_at'

2023/10/17 16:53:46 D:/MyProject/go_react_test/gin_api2/bootstrap/db.go:63
[0.000ms] [rows:-] SELECT DATABASE()

2023/10/17 16:53:46 D:/MyProject/go_react_test/gin_api2/bootstrap/db.go:63
[0.000ms] [rows:1] SELECT SCHEMA_NAME from Information_schema.SCHEMATA where SCHEMA_NAME LIKE 'gin_react%' ORDER BY SCHEMA_NAME='gin_react' DESC,SCHEMA_NAME limit 1

2023/10/17 16:53:46 D:/MyProject/go_react_test/gin_api2/bootstrap/db.go:63
[0.512ms] [rows:-] SELECT count(*) FROM information_schema.tables WHERE table_schema = 'gin_react' AND table_name = 'admins' AND table_type = 'BASE TABLE'

2023/10/17 16:53:46 D:/MyProject/go_react_test/gin_api2/bootstrap/db.go:63
[0.000ms] [rows:-] SELECT DATABASE()

2023/10/17 16:53:46 D:/MyProject/go_react_test/gin_api2/bootstrap/db.go:63
[0.000ms] [rows:1] SELECT SCHEMA_NAME from Information_schema.SCHEMATA where SCHEMA_NAME LIKE 'gin_react%' ORDER BY SCHEMA_NAME='gin_react' DESC,SCHEMA_NAME limit 1

2023/10/17 16:53:46 D:/MyProject/go_react_test/gin_api2/bootstrap/db.go:63
[0.000ms] [rows:-] SELECT * FROM `admins` LIMIT 1

2023/10/17 16:53:46 D:/MyProject/go_react_test/gin_api2/bootstrap/db.go:63
[0.651ms] [rows:-] SELECT column_name, column_default, is_nullable = 'YES', data_type, character_maximum_length, column_type, column_key, extra, column_comment, numeric_precision, numeric_scale FROM information_schema.columns WHERE table_schema = 'gin_react' AND table_name = 'admins' ORDER BY ORDINAL_POSITION

2023/10/17 16:53:46 D:/MyProject/go_react_test/gin_api2/bootstrap/db.go:63
[0.000ms] [rows:-] SELECT DATABASE()

2023/10/17 16:53:46 D:/MyProject/go_react_test/gin_api2/bootstrap/db.go:63
[0.000ms] [rows:1] SELECT SCHEMA_NAME from Information_schema.SCHEMATA where SCHEMA_NAME LIKE 'gin_react%' ORDER BY SCHEMA_NAME='gin_react' DESC,SCHEMA_NAME limit 1

2023/10/17 16:53:46 D:/MyProject/go_react_test/gin_api2/bootstrap/db.go:63
[0.570ms] [rows:-] SELECT count(*) FROM information_schema.statistics WHERE table_schema = 'gin_react' AND table_name = 'admins' AND index_name = 'idx_admins_mobile'

2023/10/17 16:53:46 D:/MyProject/go_react_test/gin_api2/bootstrap/db.go:63
[0.000ms] [rows:-] SELECT DATABASE()

2023/10/17 16:53:46 D:/MyProject/go_react_test/gin_api2/bootstrap/db.go:63
[0.000ms] [rows:1] SELECT SCHEMA_NAME from Information_schema.SCHEMATA where SCHEMA_NAME LIKE 'gin_react%' ORDER BY SCHEMA_NAME='gin_react' DESC,SCHEMA_NAME limit 1

2023/10/17 16:53:46 D:/MyProject/go_react_test/gin_api2/bootstrap/db.go:63
[0.000ms] [rows:-] SELECT count(*) FROM information_schema.statistics WHERE table_schema = 'gin_react' AND table_name = 'admins' AND index_name = 'idx_admins_deleted_at'

2023/10/17 16:54:43 D:/MyProject/go_react_test/gin_api2/bootstrap/db.go:63
[0.000ms] [rows:-] SELECT DATABASE()

2023/10/17 16:54:43 D:/MyProject/go_react_test/gin_api2/bootstrap/db.go:63
[0.000ms] [rows:1] SELECT SCHEMA_NAME from Information_schema.SCHEMATA where SCHEMA_NAME LIKE 'gin_react%' ORDER BY SCHEMA_NAME='gin_react' DESC,SCHEMA_NAME limit 1

2023/10/17 16:54:43 D:/MyProject/go_react_test/gin_api2/bootstrap/db.go:63
[0.504ms] [rows:-] SELECT count(*) FROM information_schema.tables WHERE table_schema = 'gin_react' AND table_name = 'users' AND table_type = 'BASE TABLE'

2023/10/17 16:54:43 D:/MyProject/go_react_test/gin_api2/bootstrap/db.go:63
[0.000ms] [rows:-] SELECT DATABASE()

2023/10/17 16:54:43 D:/MyProject/go_react_test/gin_api2/bootstrap/db.go:63
[0.000ms] [rows:1] SELECT SCHEMA_NAME from Information_schema.SCHEMATA where SCHEMA_NAME LIKE 'gin_react%' ORDER BY SCHEMA_NAME='gin_react' DESC,SCHEMA_NAME limit 1

2023/10/17 16:54:43 D:/MyProject/go_react_test/gin_api2/bootstrap/db.go:63
[0.517ms] [rows:-] SELECT * FROM `users` LIMIT 1

2023/10/17 16:54:43 D:/MyProject/go_react_test/gin_api2/bootstrap/db.go:63
[0.000ms] [rows:-] SELECT column_name, column_default, is_nullable = 'YES', data_type, character_maximum_length, column_type, column_key, extra, column_comment, numeric_precision, numeric_scale FROM information_schema.columns WHERE table_schema = 'gin_react' AND table_name = 'users' ORDER BY ORDINAL_POSITION

2023/10/17 16:54:43 D:/MyProject/go_react_test/gin_api2/bootstrap/db.go:63
[0.000ms] [rows:-] SELECT DATABASE()

2023/10/17 16:54:43 D:/MyProject/go_react_test/gin_api2/bootstrap/db.go:63
[0.000ms] [rows:1] SELECT SCHEMA_NAME from Information_schema.SCHEMATA where SCHEMA_NAME LIKE 'gin_react%' ORDER BY SCHEMA_NAME='gin_react' DESC,SCHEMA_NAME limit 1

2023/10/17 16:54:43 D:/MyProject/go_react_test/gin_api2/bootstrap/db.go:63
[0.000ms] [rows:-] SELECT count(*) FROM information_schema.statistics WHERE table_schema = 'gin_react' AND table_name = 'users' AND index_name = 'idx_users_mobile'

2023/10/17 16:54:43 D:/MyProject/go_react_test/gin_api2/bootstrap/db.go:63
[0.000ms] [rows:-] SELECT DATABASE()

2023/10/17 16:54:43 D:/MyProject/go_react_test/gin_api2/bootstrap/db.go:63
[0.514ms] [rows:1] SELECT SCHEMA_NAME from Information_schema.SCHEMATA where SCHEMA_NAME LIKE 'gin_react%' ORDER BY SCHEMA_NAME='gin_react' DESC,SCHEMA_NAME limit 1

2023/10/17 16:54:43 D:/MyProject/go_react_test/gin_api2/bootstrap/db.go:63
[0.000ms] [rows:-] SELECT count(*) FROM information_schema.statistics WHERE table_schema = 'gin_react' AND table_name = 'users' AND index_name = 'idx_users_deleted_at'

2023/10/17 16:54:43 D:/MyProject/go_react_test/gin_api2/bootstrap/db.go:63
[0.000ms] [rows:-] SELECT DATABASE()

2023/10/17 16:54:43 D:/MyProject/go_react_test/gin_api2/bootstrap/db.go:63
[0.588ms] [rows:1] SELECT SCHEMA_NAME from Information_schema.SCHEMATA where SCHEMA_NAME LIKE 'gin_react%' ORDER BY SCHEMA_NAME='gin_react' DESC,SCHEMA_NAME limit 1

2023/10/17 16:54:43 D:/MyProject/go_react_test/gin_api2/bootstrap/db.go:63
[0.000ms] [rows:-] SELECT count(*) FROM information_schema.tables WHERE table_schema = 'gin_react' AND table_name = 'admins' AND table_type = 'BASE TABLE'

2023/10/17 16:54:43 D:/MyProject/go_react_test/gin_api2/bootstrap/db.go:63
[0.000ms] [rows:-] SELECT DATABASE()

2023/10/17 16:54:43 D:/MyProject/go_react_test/gin_api2/bootstrap/db.go:63
[0.000ms] [rows:1] SELECT SCHEMA_NAME from Information_schema.SCHEMATA where SCHEMA_NAME LIKE 'gin_react%' ORDER BY SCHEMA_NAME='gin_react' DESC,SCHEMA_NAME limit 1

2023/10/17 16:54:43 D:/MyProject/go_react_test/gin_api2/bootstrap/db.go:63
[0.000ms] [rows:-] SELECT * FROM `admins` LIMIT 1

2023/10/17 16:54:43 D:/MyProject/go_react_test/gin_api2/bootstrap/db.go:63
[0.503ms] [rows:-] SELECT column_name, column_default, is_nullable = 'YES', data_type, character_maximum_length, column_type, column_key, extra, column_comment, numeric_precision, numeric_scale FROM information_schema.columns WHERE table_schema = 'gin_react' AND table_name = 'admins' ORDER BY ORDINAL_POSITION

2023/10/17 16:54:43 D:/MyProject/go_react_test/gin_api2/bootstrap/db.go:63
[0.000ms] [rows:-] SELECT DATABASE()

2023/10/17 16:54:43 D:/MyProject/go_react_test/gin_api2/bootstrap/db.go:63
[0.000ms] [rows:1] SELECT SCHEMA_NAME from Information_schema.SCHEMATA where SCHEMA_NAME LIKE 'gin_react%' ORDER BY SCHEMA_NAME='gin_react' DESC,SCHEMA_NAME limit 1

2023/10/17 16:54:43 D:/MyProject/go_react_test/gin_api2/bootstrap/db.go:63
[0.000ms] [rows:-] SELECT count(*) FROM information_schema.statistics WHERE table_schema = 'gin_react' AND table_name = 'admins' AND index_name = 'idx_admins_mobile'

2023/10/17 16:54:43 D:/MyProject/go_react_test/gin_api2/bootstrap/db.go:63
[0.503ms] [rows:-] SELECT DATABASE()

2023/10/17 16:54:43 D:/MyProject/go_react_test/gin_api2/bootstrap/db.go:63
[0.000ms] [rows:1] SELECT SCHEMA_NAME from Information_schema.SCHEMATA where SCHEMA_NAME LIKE 'gin_react%' ORDER BY SCHEMA_NAME='gin_react' DESC,SCHEMA_NAME limit 1

2023/10/17 16:54:43 D:/MyProject/go_react_test/gin_api2/bootstrap/db.go:63
[0.000ms] [rows:-] SELECT count(*) FROM information_schema.statistics WHERE table_schema = 'gin_react' AND table_name = 'admins' AND index_name = 'idx_admins_deleted_at'

2023/10/17 16:57:01 D:/MyProject/go_react_test/gin_api2/bootstrap/db.go:63
[0.177ms] [rows:-] SELECT DATABASE()

2023/10/17 16:57:01 D:/MyProject/go_react_test/gin_api2/bootstrap/db.go:63
[0.504ms] [rows:1] SELECT SCHEMA_NAME from Information_schema.SCHEMATA where SCHEMA_NAME LIKE 'gin_react%' ORDER BY SCHEMA_NAME='gin_react' DESC,SCHEMA_NAME limit 1

2023/10/17 16:57:01 D:/MyProject/go_react_test/gin_api2/bootstrap/db.go:63
[0.000ms] [rows:-] SELECT count(*) FROM information_schema.tables WHERE table_schema = 'gin_react' AND table_name = 'users' AND table_type = 'BASE TABLE'

2023/10/17 16:57:01 D:/MyProject/go_react_test/gin_api2/bootstrap/db.go:63
[0.000ms] [rows:-] SELECT DATABASE()

2023/10/17 16:57:01 D:/MyProject/go_react_test/gin_api2/bootstrap/db.go:63
[0.511ms] [rows:1] SELECT SCHEMA_NAME from Information_schema.SCHEMATA where SCHEMA_NAME LIKE 'gin_react%' ORDER BY SCHEMA_NAME='gin_react' DESC,SCHEMA_NAME limit 1

2023/10/17 16:57:01 D:/MyProject/go_react_test/gin_api2/bootstrap/db.go:63
[0.000ms] [rows:-] SELECT * FROM `users` LIMIT 1

2023/10/17 16:57:01 D:/MyProject/go_react_test/gin_api2/bootstrap/db.go:63
[0.510ms] [rows:-] SELECT column_name, column_default, is_nullable = 'YES', data_type, character_maximum_length, column_type, column_key, extra, column_comment, numeric_precision, numeric_scale FROM information_schema.columns WHERE table_schema = 'gin_react' AND table_name = 'users' ORDER BY ORDINAL_POSITION

2023/10/17 16:57:01 D:/MyProject/go_react_test/gin_api2/bootstrap/db.go:63
[0.000ms] [rows:-] SELECT DATABASE()

2023/10/17 16:57:01 D:/MyProject/go_react_test/gin_api2/bootstrap/db.go:63
[0.000ms] [rows:1] SELECT SCHEMA_NAME from Information_schema.SCHEMATA where SCHEMA_NAME LIKE 'gin_react%' ORDER BY SCHEMA_NAME='gin_react' DESC,SCHEMA_NAME limit 1

2023/10/17 16:57:01 D:/MyProject/go_react_test/gin_api2/bootstrap/db.go:63
[0.509ms] [rows:-] SELECT count(*) FROM information_schema.statistics WHERE table_schema = 'gin_react' AND table_name = 'users' AND index_name = 'idx_users_mobile'

2023/10/17 16:57:01 D:/MyProject/go_react_test/gin_api2/bootstrap/db.go:63
[0.000ms] [rows:-] SELECT DATABASE()

2023/10/17 16:57:01 D:/MyProject/go_react_test/gin_api2/bootstrap/db.go:63
[0.000ms] [rows:1] SELECT SCHEMA_NAME from Information_schema.SCHEMATA where SCHEMA_NAME LIKE 'gin_react%' ORDER BY SCHEMA_NAME='gin_react' DESC,SCHEMA_NAME limit 1

2023/10/17 16:57:01 D:/MyProject/go_react_test/gin_api2/bootstrap/db.go:63
[0.000ms] [rows:-] SELECT count(*) FROM information_schema.statistics WHERE table_schema = 'gin_react' AND table_name = 'users' AND index_name = 'idx_users_deleted_at'

2023/10/17 16:57:01 D:/MyProject/go_react_test/gin_api2/bootstrap/db.go:63
[0.511ms] [rows:-] SELECT DATABASE()

2023/10/17 16:57:01 D:/MyProject/go_react_test/gin_api2/bootstrap/db.go:63
[0.111ms] [rows:1] SELECT SCHEMA_NAME from Information_schema.SCHEMATA where SCHEMA_NAME LIKE 'gin_react%' ORDER BY SCHEMA_NAME='gin_react' DESC,SCHEMA_NAME limit 1

2023/10/17 16:57:01 D:/MyProject/go_react_test/gin_api2/bootstrap/db.go:63
[0.000ms] [rows:-] SELECT count(*) FROM information_schema.tables WHERE table_schema = 'gin_react' AND table_name = 'admins' AND table_type = 'BASE TABLE'

2023/10/17 16:57:01 D:/MyProject/go_react_test/gin_api2/bootstrap/db.go:63
[0.000ms] [rows:-] SELECT DATABASE()

2023/10/17 16:57:01 D:/MyProject/go_react_test/gin_api2/bootstrap/db.go:63
[0.000ms] [rows:1] SELECT SCHEMA_NAME from Information_schema.SCHEMATA where SCHEMA_NAME LIKE 'gin_react%' ORDER BY SCHEMA_NAME='gin_react' DESC,SCHEMA_NAME limit 1

2023/10/17 16:57:01 D:/MyProject/go_react_test/gin_api2/bootstrap/db.go:63
[0.503ms] [rows:-] SELECT * FROM `admins` LIMIT 1

2023/10/17 16:57:01 D:/MyProject/go_react_test/gin_api2/bootstrap/db.go:63
[0.505ms] [rows:-] SELECT column_name, column_default, is_nullable = 'YES', data_type, character_maximum_length, column_type, column_key, extra, column_comment, numeric_precision, numeric_scale FROM information_schema.columns WHERE table_schema = 'gin_react' AND table_name = 'admins' ORDER BY ORDINAL_POSITION

2023/10/17 16:57:01 D:/MyProject/go_react_test/gin_api2/bootstrap/db.go:63
[0.000ms] [rows:-] SELECT DATABASE()

2023/10/17 16:57:01 D:/MyProject/go_react_test/gin_api2/bootstrap/db.go:63
[0.749ms] [rows:1] SELECT SCHEMA_NAME from Information_schema.SCHEMATA where SCHEMA_NAME LIKE 'gin_react%' ORDER BY SCHEMA_NAME='gin_react' DESC,SCHEMA_NAME limit 1

2023/10/17 16:57:01 D:/MyProject/go_react_test/gin_api2/bootstrap/db.go:63
[0.000ms] [rows:-] SELECT count(*) FROM information_schema.statistics WHERE table_schema = 'gin_react' AND table_name = 'admins' AND index_name = 'idx_admins_mobile'

2023/10/17 16:57:01 D:/MyProject/go_react_test/gin_api2/bootstrap/db.go:63
[0.000ms] [rows:-] SELECT DATABASE()

2023/10/17 16:57:01 D:/MyProject/go_react_test/gin_api2/bootstrap/db.go:63
[0.554ms] [rows:1] SELECT SCHEMA_NAME from Information_schema.SCHEMATA where SCHEMA_NAME LIKE 'gin_react%' ORDER BY SCHEMA_NAME='gin_react' DESC,SCHEMA_NAME limit 1

2023/10/17 16:57:01 D:/MyProject/go_react_test/gin_api2/bootstrap/db.go:63
[0.000ms] [rows:-] SELECT count(*) FROM information_schema.statistics WHERE table_schema = 'gin_react' AND table_name = 'admins' AND index_name = 'idx_admins_deleted_at'
